{"C:\\ASD\\COPIAS DE SEGURIDAD\\COPIA 6\\Git-Masters_V4_Completo\\backend\\src\\app.js": {"path":"C:\\ASD\\COPIAS DE SEGURIDAD\\COPIA 6\\Git-Masters_V4_Completo\\backend\\src\\app.js","statementMap":{"0":{"start":{"line":11,"column":12},"end":{"line":11,"column":21}},"1":{"start":{"line":14,"column":0},"end":{"line":17,"column":4}},"2":{"start":{"line":19,"column":0},"end":{"line":19,"column":24}},"3":{"start":{"line":20,"column":0},"end":{"line":20,"column":24}},"4":{"start":{"line":21,"column":0},"end":{"line":21,"column":31}},"5":{"start":{"line":23,"column":0},"end":{"line":23,"column":20}}},"fnMap":{},"branchMap":{},"s":{"0":0,"1":0,"2":0,"3":0,"4":0,"5":0},"f":{},"b":{}}
,"C:\\ASD\\COPIAS DE SEGURIDAD\\COPIA 6\\Git-Masters_V4_Completo\\backend\\src\\database\\prisma.js": {"path":"C:\\ASD\\COPIAS DE SEGURIDAD\\COPIA 6\\Git-Masters_V4_Completo\\backend\\src\\database\\prisma.js","statementMap":{},"fnMap":{},"branchMap":{},"s":{},"f":{},"b":{}}
,"C:\\ASD\\COPIAS DE SEGURIDAD\\COPIA 6\\Git-Masters_V4_Completo\\backend\\src\\docs\\spec.js": {"path":"C:\\ASD\\COPIAS DE SEGURIDAD\\COPIA 6\\Git-Masters_V4_Completo\\backend\\src\\docs\\spec.js","statementMap":{"0":{"start":{"line":3,"column":17},"end":{"line":3,"column":57}},"1":{"start":{"line":4,"column":22},"end":{"line":4,"column":72}},"2":{"start":{"line":5,"column":19},"end":{"line":5,"column":63}},"3":{"start":{"line":6,"column":22},"end":{"line":6,"column":86}},"4":{"start":{"line":7,"column":20},"end":{"line":7,"column":66}},"5":{"start":{"line":8,"column":24},"end":{"line":8,"column":80}},"6":{"start":{"line":9,"column":21},"end":{"line":9,"column":69}},"7":{"start":{"line":12,"column":24},"end":{"line":12,"column":78}},"8":{"start":{"line":13,"column":21},"end":{"line":13,"column":69}},"9":{"start":{"line":14,"column":18},"end":{"line":14,"column":60}},"10":{"start":{"line":17,"column":18},"end":{"line":30,"column":2}}},"fnMap":{},"branchMap":{},"s":{"0":0,"1":0,"2":0,"3":0,"4":0,"5":0,"6":0,"7":0,"8":0,"9":0,"10":0},"f":{},"b":{}}
,"C:\\ASD\\COPIAS DE SEGURIDAD\\COPIA 6\\Git-Masters_V4_Completo\\backend\\src\\docs\\swagger.js": {"path":"C:\\ASD\\COPIAS DE SEGURIDAD\\COPIA 6\\Git-Masters_V4_Completo\\backend\\src\\docs\\swagger.js","statementMap":{"0":{"start":{"line":3,"column":16},"end":{"line":51,"column":1}},"1":{"start":{"line":53,"column":20},"end":{"line":53,"column":41}}},"fnMap":{},"branchMap":{},"s":{"0":0,"1":0},"f":{},"b":{}}
,"C:\\ASD\\COPIAS DE SEGURIDAD\\COPIA 6\\Git-Masters_V4_Completo\\backend\\src\\modules\\auth\\auth.docs.js": {"path":"C:\\ASD\\COPIAS DE SEGURIDAD\\COPIA 6\\Git-Masters_V4_Completo\\backend\\src\\modules\\auth\\auth.docs.js","statementMap":{},"fnMap":{},"branchMap":{},"s":{},"f":{},"b":{}}
,"C:\\ASD\\COPIAS DE SEGURIDAD\\COPIA 6\\Git-Masters_V4_Completo\\backend\\src\\modules\\auth\\controller\\auth.controller.js": {"path":"C:\\ASD\\COPIAS DE SEGURIDAD\\COPIA 6\\Git-Masters_V4_Completo\\backend\\src\\modules\\auth\\controller\\auth.controller.js","statementMap":{"0":{"start":{"line":9,"column":31},"end":{"line":9,"column":89}},"1":{"start":{"line":12,"column":30},"end":{"line":23,"column":1}},"2":{"start":{"line":13,"column":2},"end":{"line":22,"column":21}},"3":{"start":{"line":14,"column":4},"end":{"line":16,"column":5}},"4":{"start":{"line":15,"column":6},"end":{"line":15,"column":70}},"5":{"start":{"line":19,"column":4},"end":{"line":19,"column":35}},"6":{"start":{"line":21,"column":4},"end":{"line":21,"column":65}},"7":{"start":{"line":26,"column":26},"end":{"line":49,"column":1}},"8":{"start":{"line":27,"column":2},"end":{"line":29,"column":3}},"9":{"start":{"line":28,"column":4},"end":{"line":28,"column":63}},"10":{"start":{"line":31,"column":2},"end":{"line":48,"column":3}},"11":{"start":{"line":33,"column":24},"end":{"line":33,"column":67}},"12":{"start":{"line":35,"column":4},"end":{"line":37,"column":5}},"13":{"start":{"line":36,"column":6},"end":{"line":36,"column":103}},"14":{"start":{"line":39,"column":25},"end":{"line":42,"column":5}},"15":{"start":{"line":44,"column":4},"end":{"line":44,"column":27}},"16":{"start":{"line":46,"column":4},"end":{"line":46,"column":51}},"17":{"start":{"line":47,"column":4},"end":{"line":47,"column":68}},"18":{"start":{"line":52,"column":22},"end":{"line":55,"column":1}},"19":{"start":{"line":54,"column":2},"end":{"line":54,"column":33}}},"fnMap":{"0":{"name":"(anonymous_0)","decl":{"start":{"line":12,"column":30},"end":{"line":12,"column":31}},"loc":{"start":{"line":12,"column":50},"end":{"line":23,"column":1}},"line":12},"1":{"name":"(anonymous_1)","decl":{"start":{"line":13,"column":54},"end":{"line":13,"column":55}},"loc":{"start":{"line":13,"column":75},"end":{"line":22,"column":3}},"line":13},"2":{"name":"(anonymous_2)","decl":{"start":{"line":26,"column":26},"end":{"line":26,"column":27}},"loc":{"start":{"line":26,"column":46},"end":{"line":49,"column":1}},"line":26},"3":{"name":"(anonymous_3)","decl":{"start":{"line":52,"column":22},"end":{"line":52,"column":23}},"loc":{"start":{"line":52,"column":42},"end":{"line":55,"column":1}},"line":52}},"branchMap":{"0":{"loc":{"start":{"line":14,"column":4},"end":{"line":16,"column":5}},"type":"if","locations":[{"start":{"line":14,"column":4},"end":{"line":16,"column":5}},{"start":{},"end":{}}],"line":14},"1":{"loc":{"start":{"line":14,"column":8},"end":{"line":14,"column":20}},"type":"binary-expr","locations":[{"start":{"line":14,"column":8},"end":{"line":14,"column":11}},{"start":{"line":14,"column":15},"end":{"line":14,"column":20}}],"line":14},"2":{"loc":{"start":{"line":27,"column":2},"end":{"line":29,"column":3}},"type":"if","locations":[{"start":{"line":27,"column":2},"end":{"line":29,"column":3}},{"start":{},"end":{}}],"line":27},"3":{"loc":{"start":{"line":35,"column":4},"end":{"line":37,"column":5}},"type":"if","locations":[{"start":{"line":35,"column":4},"end":{"line":37,"column":5}},{"start":{},"end":{}}],"line":35}},"s":{"0":1,"1":1,"2":2,"3":2,"4":1,"5":1,"6":1,"7":1,"8":2,"9":1,"10":1,"11":1,"12":1,"13":0,"14":1,"15":1,"16":0,"17":0,"18":1,"19":1},"f":{"0":2,"1":2,"2":2,"3":1},"b":{"0":[1,1],"1":[2,1],"2":[1,1],"3":[0,1]},"_coverageSchema":"1a1c01bbd47fc00a2c39e90264f33305004495a9","hash":"7a3f5d78c617a6a34224adf7f72e797d2fe50962"}
,"C:\\ASD\\COPIAS DE SEGURIDAD\\COPIA 6\\Git-Masters_V4_Completo\\backend\\src\\modules\\auth\\routes\\auth.routes.js": {"path":"C:\\ASD\\COPIAS DE SEGURIDAD\\COPIA 6\\Git-Masters_V4_Completo\\backend\\src\\modules\\auth\\routes\\auth.routes.js","statementMap":{"0":{"start":{"line":2,"column":15},"end":{"line":2,"column":31}},"1":{"start":{"line":12,"column":0},"end":{"line":12,"column":39}},"2":{"start":{"line":16,"column":0},"end":{"line":19,"column":2}},"3":{"start":{"line":22,"column":0},"end":{"line":22,"column":43}},"4":{"start":{"line":25,"column":0},"end":{"line":25,"column":30}},"5":{"start":{"line":28,"column":0},"end":{"line":30,"column":3}},"6":{"start":{"line":29,"column":2},"end":{"line":29,"column":37}}},"fnMap":{"0":{"name":"(anonymous_0)","decl":{"start":{"line":28,"column":23},"end":{"line":28,"column":24}},"loc":{"start":{"line":28,"column":37},"end":{"line":30,"column":1}},"line":28}},"branchMap":{},"s":{"0":1,"1":1,"2":1,"3":1,"4":1,"5":1,"6":0},"f":{"0":0},"b":{},"_coverageSchema":"1a1c01bbd47fc00a2c39e90264f33305004495a9","hash":"0122a92b63f6dec41304f2f968318cbba5d4028e"}
,"C:\\ASD\\COPIAS DE SEGURIDAD\\COPIA 6\\Git-Masters_V4_Completo\\backend\\src\\modules\\auth\\service\\auth.service.js": {"path":"C:\\ASD\\COPIAS DE SEGURIDAD\\COPIA 6\\Git-Masters_V4_Completo\\backend\\src\\modules\\auth\\service\\auth.service.js","statementMap":{"0":{"start":{"line":5,"column":15},"end":{"line":5,"column":33}},"1":{"start":{"line":8,"column":35},"end":{"line":17,"column":1}},"2":{"start":{"line":9,"column":16},"end":{"line":9,"column":75}},"3":{"start":{"line":11,"column":2},"end":{"line":16,"column":5}},"4":{"start":{"line":21,"column":34},"end":{"line":51,"column":1}},"5":{"start":{"line":22,"column":15},"end":{"line":33,"column":4}},"6":{"start":{"line":35,"column":2},"end":{"line":37,"column":3}},"7":{"start":{"line":36,"column":4},"end":{"line":36,"column":16}},"8":{"start":{"line":39,"column":17},"end":{"line":42,"column":5}},"9":{"start":{"line":39,"column":50},"end":{"line":42,"column":3}},"10":{"start":{"line":44,"column":22},"end":{"line":48,"column":3}},"11":{"start":{"line":50,"column":2},"end":{"line":50,"column":21}},"12":{"start":{"line":54,"column":30},"end":{"line":74,"column":1}},"13":{"start":{"line":55,"column":2},"end":{"line":73,"column":5}},"14":{"start":{"line":56,"column":4},"end":{"line":59,"column":5}},"15":{"start":{"line":57,"column":6},"end":{"line":57,"column":58}},"16":{"start":{"line":58,"column":6},"end":{"line":58,"column":23}},"17":{"start":{"line":61,"column":4},"end":{"line":72,"column":7}},"18":{"start":{"line":62,"column":6},"end":{"line":65,"column":7}},"19":{"start":{"line":63,"column":8},"end":{"line":63,"column":59}},"20":{"start":{"line":64,"column":8},"end":{"line":64,"column":81}},"21":{"start":{"line":67,"column":6},"end":{"line":69,"column":9}},"22":{"start":{"line":71,"column":6},"end":{"line":71,"column":79}}},"fnMap":{"0":{"name":"(anonymous_0)","decl":{"start":{"line":8,"column":35},"end":{"line":8,"column":36}},"loc":{"start":{"line":8,"column":50},"end":{"line":17,"column":1}},"line":8},"1":{"name":"(anonymous_1)","decl":{"start":{"line":21,"column":34},"end":{"line":21,"column":35}},"loc":{"start":{"line":21,"column":54},"end":{"line":51,"column":1}},"line":21},"2":{"name":"(anonymous_2)","decl":{"start":{"line":39,"column":41},"end":{"line":39,"column":42}},"loc":{"start":{"line":39,"column":50},"end":{"line":42,"column":3}},"line":39},"3":{"name":"(anonymous_3)","decl":{"start":{"line":54,"column":30},"end":{"line":54,"column":31}},"loc":{"start":{"line":54,"column":50},"end":{"line":74,"column":1}},"line":54},"4":{"name":"(anonymous_4)","decl":{"start":{"line":55,"column":13},"end":{"line":55,"column":14}},"loc":{"start":{"line":55,"column":22},"end":{"line":73,"column":3}},"line":55},"5":{"name":"(anonymous_5)","decl":{"start":{"line":61,"column":24},"end":{"line":61,"column":25}},"loc":{"start":{"line":61,"column":33},"end":{"line":72,"column":5}},"line":61}},"branchMap":{"0":{"loc":{"start":{"line":35,"column":2},"end":{"line":37,"column":3}},"type":"if","locations":[{"start":{"line":35,"column":2},"end":{"line":37,"column":3}},{"start":{},"end":{}}],"line":35},"1":{"loc":{"start":{"line":45,"column":12},"end":{"line":45,"column":35}},"type":"binary-expr","locations":[{"start":{"line":45,"column":12},"end":{"line":45,"column":30}},{"start":{"line":45,"column":34},"end":{"line":45,"column":35}}],"line":45},"2":{"loc":{"start":{"line":46,"column":11},"end":{"line":46,"column":35}},"type":"binary-expr","locations":[{"start":{"line":46,"column":11},"end":{"line":46,"column":30}},{"start":{"line":46,"column":34},"end":{"line":46,"column":35}}],"line":46},"3":{"loc":{"start":{"line":56,"column":4},"end":{"line":59,"column":5}},"type":"if","locations":[{"start":{"line":56,"column":4},"end":{"line":59,"column":5}},{"start":{},"end":{}}],"line":56},"4":{"loc":{"start":{"line":62,"column":6},"end":{"line":65,"column":7}},"type":"if","locations":[{"start":{"line":62,"column":6},"end":{"line":65,"column":7}},{"start":{},"end":{}}],"line":62}},"s":{"0":1,"1":1,"2":1,"3":1,"4":1,"5":2,"6":2,"7":1,"8":1,"9":1,"10":1,"11":1,"12":1,"13":2,"14":2,"15":0,"16":0,"17":2,"18":2,"19":1,"20":1,"21":1,"22":1},"f":{"0":1,"1":2,"2":1,"3":2,"4":2,"5":2},"b":{"0":[1,1],"1":[1,0],"2":[1,0],"3":[0,2],"4":[1,1]},"_coverageSchema":"1a1c01bbd47fc00a2c39e90264f33305004495a9","hash":"83dbec0d8f90071f3372b48e66e4cfc0d35972d1"}
,"C:\\ASD\\COPIAS DE SEGURIDAD\\COPIA 6\\Git-Masters_V4_Completo\\backend\\src\\modules\\badges\\badges.docs.js": {"path":"C:\\ASD\\COPIAS DE SEGURIDAD\\COPIA 6\\Git-Masters_V4_Completo\\backend\\src\\modules\\badges\\badges.docs.js","statementMap":{},"fnMap":{},"branchMap":{},"s":{},"f":{},"b":{}}
,"C:\\ASD\\COPIAS DE SEGURIDAD\\COPIA 6\\Git-Masters_V4_Completo\\backend\\src\\modules\\badges\\controller\\badges.controller.js": {"path":"C:\\ASD\\COPIAS DE SEGURIDAD\\COPIA 6\\Git-Masters_V4_Completo\\backend\\src\\modules\\badges\\controller\\badges.controller.js","statementMap":{"0":{"start":{"line":7,"column":28},"end":{"line":21,"column":1}},"1":{"start":{"line":8,"column":2},"end":{"line":20,"column":3}},"2":{"start":{"line":9,"column":19},"end":{"line":15,"column":6}},"3":{"start":{"line":16,"column":4},"end":{"line":16,"column":33}},"4":{"start":{"line":18,"column":4},"end":{"line":18,"column":80}},"5":{"start":{"line":19,"column":4},"end":{"line":19,"column":90}},"6":{"start":{"line":26,"column":29},"end":{"line":65,"column":1}},"7":{"start":{"line":27,"column":23},"end":{"line":27,"column":33}},"8":{"start":{"line":28,"column":2},"end":{"line":64,"column":3}},"9":{"start":{"line":29,"column":27},"end":{"line":48,"column":6}},"10":{"start":{"line":50,"column":4},"end":{"line":52,"column":5}},"11":{"start":{"line":51,"column":6},"end":{"line":51,"column":73}},"12":{"start":{"line":55,"column":25},"end":{"line":58,"column":7}},"13":{"start":{"line":55,"column":66},"end":{"line":58,"column":5}},"14":{"start":{"line":60,"column":4},"end":{"line":60,"column":39}},"15":{"start":{"line":62,"column":4},"end":{"line":62,"column":97}},"16":{"start":{"line":63,"column":4},"end":{"line":63,"column":69}}},"fnMap":{"0":{"name":"(anonymous_0)","decl":{"start":{"line":7,"column":28},"end":{"line":7,"column":29}},"loc":{"start":{"line":7,"column":48},"end":{"line":21,"column":1}},"line":7},"1":{"name":"(anonymous_1)","decl":{"start":{"line":26,"column":29},"end":{"line":26,"column":30}},"loc":{"start":{"line":26,"column":49},"end":{"line":65,"column":1}},"line":26},"2":{"name":"(anonymous_2)","decl":{"start":{"line":55,"column":59},"end":{"line":55,"column":60}},"loc":{"start":{"line":55,"column":66},"end":{"line":58,"column":5}},"line":55}},"branchMap":{"0":{"loc":{"start":{"line":50,"column":4},"end":{"line":52,"column":5}},"type":"if","locations":[{"start":{"line":50,"column":4},"end":{"line":52,"column":5}},{"start":{},"end":{}}],"line":50}},"s":{"0":1,"1":2,"2":2,"3":1,"4":1,"5":1,"6":1,"7":3,"8":3,"9":3,"10":2,"11":1,"12":1,"13":1,"14":1,"15":1,"16":1},"f":{"0":2,"1":3,"2":1},"b":{"0":[1,1]},"_coverageSchema":"1a1c01bbd47fc00a2c39e90264f33305004495a9","hash":"5a5145497880e33ac892ffd6fcb2b1ea780a05b4"}
,"C:\\ASD\\COPIAS DE SEGURIDAD\\COPIA 6\\Git-Masters_V4_Completo\\backend\\src\\modules\\badges\\routes\\badges.routes.js": {"path":"C:\\ASD\\COPIAS DE SEGURIDAD\\COPIA 6\\Git-Masters_V4_Completo\\backend\\src\\modules\\badges\\routes\\badges.routes.js","statementMap":{"0":{"start":{"line":4,"column":15},"end":{"line":4,"column":23}},"1":{"start":{"line":13,"column":0},"end":{"line":13,"column":30}},"2":{"start":{"line":20,"column":0},"end":{"line":20,"column":45}}},"fnMap":{},"branchMap":{},"s":{"0":1,"1":1,"2":1},"f":{},"b":{},"_coverageSchema":"1a1c01bbd47fc00a2c39e90264f33305004495a9","hash":"7626febba6eb534dcddb3c7411733b0de70cdde6"}
,"C:\\ASD\\COPIAS DE SEGURIDAD\\COPIA 6\\Git-Masters_V4_Completo\\backend\\src\\modules\\badges\\service\\badges.service.js": {"path":"C:\\ASD\\COPIAS DE SEGURIDAD\\COPIA 6\\Git-Masters_V4_Completo\\backend\\src\\modules\\badges\\service\\badges.service.js","statementMap":{"0":{"start":{"line":14,"column":2},"end":{"line":14,"column":52}},"1":{"start":{"line":14,"column":35},"end":{"line":14,"column":52}},"2":{"start":{"line":17,"column":22},"end":{"line":21,"column":47}},"3":{"start":{"line":17,"column":53},"end":{"line":21,"column":3}},"4":{"start":{"line":21,"column":18},"end":{"line":21,"column":46}},"5":{"start":{"line":23,"column":2},"end":{"line":23,"column":49}},"6":{"start":{"line":23,"column":32},"end":{"line":23,"column":49}},"7":{"start":{"line":26,"column":25},"end":{"line":40,"column":4}},"8":{"start":{"line":29,"column":32},"end":{"line":33,"column":7}},"9":{"start":{"line":43,"column":28},"end":{"line":43,"column":37}},"10":{"start":{"line":44,"column":26},"end":{"line":44,"column":35}},"11":{"start":{"line":46,"column":2},"end":{"line":67,"column":3}},"12":{"start":{"line":47,"column":18},"end":{"line":47,"column":57}},"13":{"start":{"line":48,"column":21},"end":{"line":48,"column":40}},"14":{"start":{"line":50,"column":4},"end":{"line":50,"column":72}},"15":{"start":{"line":50,"column":63},"end":{"line":50,"column":72}},"16":{"start":{"line":52,"column":21},"end":{"line":52,"column":63}},"17":{"start":{"line":53,"column":22},"end":{"line":53,"column":78}},"18":{"start":{"line":56,"column":30},"end":{"line":60,"column":5}},"19":{"start":{"line":57,"column":6},"end":{"line":59,"column":42}},"20":{"start":{"line":62,"column":4},"end":{"line":66,"column":5}},"21":{"start":{"line":63,"column":27},"end":{"line":63,"column":63}},"22":{"start":{"line":64,"column":6},"end":{"line":64,"column":56}},"23":{"start":{"line":65,"column":6},"end":{"line":65,"column":50}},"24":{"start":{"line":69,"column":2},"end":{"line":69,"column":27}},"25":{"start":{"line":75,"column":19},"end":{"line":75,"column":33}},"26":{"start":{"line":76,"column":34},"end":{"line":76,"column":42}},"27":{"start":{"line":77,"column":27},"end":{"line":77,"column":72}},"28":{"start":{"line":77,"column":43},"end":{"line":77,"column":71}},"29":{"start":{"line":78,"column":24},"end":{"line":78,"column":70}},"30":{"start":{"line":78,"column":40},"end":{"line":78,"column":69}},"31":{"start":{"line":79,"column":20},"end":{"line":79,"column":53}},"32":{"start":{"line":80,"column":18},"end":{"line":82,"column":4}},"33":{"start":{"line":83,"column":23},"end":{"line":83,"column":37}},"34":{"start":{"line":84,"column":23},"end":{"line":84,"column":89}},"35":{"start":{"line":84,"column":43},"end":{"line":84,"column":81}},"36":{"start":{"line":85,"column":24},"end":{"line":85,"column":87}},"37":{"start":{"line":85,"column":44},"end":{"line":85,"column":79}},"38":{"start":{"line":86,"column":24},"end":{"line":86,"column":75}},"39":{"start":{"line":87,"column":2},"end":{"line":87,"column":90}},"40":{"start":{"line":92,"column":19},"end":{"line":92,"column":33}},"41":{"start":{"line":93,"column":34},"end":{"line":93,"column":42}},"42":{"start":{"line":94,"column":22},"end":{"line":94,"column":67}},"43":{"start":{"line":94,"column":38},"end":{"line":94,"column":66}},"44":{"start":{"line":95,"column":26},"end":{"line":95,"column":75}},"45":{"start":{"line":95,"column":42},"end":{"line":95,"column":74}},"46":{"start":{"line":96,"column":20},"end":{"line":96,"column":53}},"47":{"start":{"line":98,"column":23},"end":{"line":100,"column":4}},"48":{"start":{"line":101,"column":2},"end":{"line":101,"column":54}},"49":{"start":{"line":101,"column":41},"end":{"line":101,"column":54}},"50":{"start":{"line":103,"column":25},"end":{"line":106,"column":4}},"51":{"start":{"line":108,"column":25},"end":{"line":108,"column":69}},"52":{"start":{"line":109,"column":27},"end":{"line":109,"column":65}},"53":{"start":{"line":111,"column":2},"end":{"line":111,"column":52}},"54":{"start":{"line":116,"column":2},"end":{"line":116,"column":90}},"55":{"start":{"line":117,"column":40},"end":{"line":117,"column":54}},"56":{"start":{"line":119,"column":25},"end":{"line":119,"column":63}},"57":{"start":{"line":120,"column":23},"end":{"line":120,"column":59}},"58":{"start":{"line":122,"column":28},"end":{"line":125,"column":4}},"59":{"start":{"line":127,"column":25},"end":{"line":127,"column":72}},"60":{"start":{"line":129,"column":23},"end":{"line":129,"column":27}},"61":{"start":{"line":130,"column":23},"end":{"line":130,"column":24}},"62":{"start":{"line":131,"column":2},"end":{"line":136,"column":3}},"63":{"start":{"line":132,"column":4},"end":{"line":135,"column":5}},"64":{"start":{"line":133,"column":6},"end":{"line":133,"column":29}},"65":{"start":{"line":134,"column":6},"end":{"line":134,"column":32}},"66":{"start":{"line":138,"column":2},"end":{"line":153,"column":3}},"67":{"start":{"line":139,"column":23},"end":{"line":139,"column":92}},"68":{"start":{"line":140,"column":4},"end":{"line":152,"column":5}},"69":{"start":{"line":141,"column":6},"end":{"line":144,"column":9}},"70":{"start":{"line":145,"column":6},"end":{"line":150,"column":9}},"71":{"start":{"line":151,"column":6},"end":{"line":151,"column":99}},"72":{"start":{"line":158,"column":24},"end":{"line":161,"column":1}},"73":{"start":{"line":163,"column":35},"end":{"line":190,"column":1}},"74":{"start":{"line":164,"column":2},"end":{"line":164,"column":78}},"75":{"start":{"line":165,"column":16},"end":{"line":165,"column":44}},"76":{"start":{"line":166,"column":22},"end":{"line":168,"column":4}},"77":{"start":{"line":170,"column":2},"end":{"line":188,"column":3}},"78":{"start":{"line":171,"column":4},"end":{"line":187,"column":5}},"79":{"start":{"line":172,"column":6},"end":{"line":184,"column":7}},"80":{"start":{"line":173,"column":26},"end":{"line":173,"column":52}},"81":{"start":{"line":174,"column":8},"end":{"line":183,"column":9}},"82":{"start":{"line":175,"column":34},"end":{"line":175,"column":62}},"83":{"start":{"line":176,"column":10},"end":{"line":182,"column":11}},"84":{"start":{"line":177,"column":12},"end":{"line":180,"column":15}},"85":{"start":{"line":181,"column":12},"end":{"line":181,"column":96}},"86":{"start":{"line":186,"column":6},"end":{"line":186,"column":100}},"87":{"start":{"line":189,"column":2},"end":{"line":189,"column":63}},"88":{"start":{"line":192,"column":37},"end":{"line":201,"column":1}},"89":{"start":{"line":193,"column":2},"end":{"line":200,"column":3}},"90":{"start":{"line":194,"column":26},"end":{"line":194,"column":100}},"91":{"start":{"line":195,"column":4},"end":{"line":197,"column":5}},"92":{"start":{"line":196,"column":6},"end":{"line":196,"column":55}},"93":{"start":{"line":199,"column":4},"end":{"line":199,"column":88}}},"fnMap":{"0":{"name":"countCorrectionsInBulk","decl":{"start":{"line":13,"column":15},"end":{"line":13,"column":37}},"loc":{"start":{"line":13,"column":54},"end":{"line":70,"column":1}},"line":13},"1":{"name":"(anonymous_1)","decl":{"start":{"line":17,"column":41},"end":{"line":17,"column":42}},"loc":{"start":{"line":17,"column":53},"end":{"line":21,"column":3}},"line":17},"2":{"name":"(anonymous_2)","decl":{"start":{"line":21,"column":13},"end":{"line":21,"column":14}},"loc":{"start":{"line":21,"column":18},"end":{"line":21,"column":46}},"line":21},"3":{"name":"(anonymous_3)","decl":{"start":{"line":29,"column":26},"end":{"line":29,"column":27}},"loc":{"start":{"line":29,"column":32},"end":{"line":33,"column":7}},"line":29},"4":{"name":"(anonymous_4)","decl":{"start":{"line":56,"column":50},"end":{"line":56,"column":51}},"loc":{"start":{"line":57,"column":6},"end":{"line":59,"column":42}},"line":57},"5":{"name":"checkCommitPerfecto","decl":{"start":{"line":73,"column":15},"end":{"line":73,"column":34}},"loc":{"start":{"line":73,"column":48},"end":{"line":88,"column":1}},"line":73},"6":{"name":"(anonymous_6)","decl":{"start":{"line":77,"column":38},"end":{"line":77,"column":39}},"loc":{"start":{"line":77,"column":43},"end":{"line":77,"column":71}},"line":77},"7":{"name":"(anonymous_7)","decl":{"start":{"line":78,"column":35},"end":{"line":78,"column":36}},"loc":{"start":{"line":78,"column":40},"end":{"line":78,"column":69}},"line":78},"8":{"name":"(anonymous_8)","decl":{"start":{"line":84,"column":38},"end":{"line":84,"column":39}},"loc":{"start":{"line":84,"column":43},"end":{"line":84,"column":81}},"line":84},"9":{"name":"(anonymous_9)","decl":{"start":{"line":85,"column":39},"end":{"line":85,"column":40}},"loc":{"start":{"line":85,"column":44},"end":{"line":85,"column":79}},"line":85},"10":{"name":"checkRevisorExperto","decl":{"start":{"line":91,"column":15},"end":{"line":91,"column":34}},"loc":{"start":{"line":91,"column":48},"end":{"line":112,"column":1}},"line":91},"11":{"name":"(anonymous_11)","decl":{"start":{"line":94,"column":33},"end":{"line":94,"column":34}},"loc":{"start":{"line":94,"column":38},"end":{"line":94,"column":66}},"line":94},"12":{"name":"(anonymous_12)","decl":{"start":{"line":95,"column":37},"end":{"line":95,"column":38}},"loc":{"start":{"line":95,"column":42},"end":{"line":95,"column":74}},"line":95},"13":{"name":"evaluateGuardianDeLaCalidad","decl":{"start":{"line":115,"column":15},"end":{"line":115,"column":42}},"loc":{"start":{"line":115,"column":50},"end":{"line":154,"column":1}},"line":115},"14":{"name":"(anonymous_14)","decl":{"start":{"line":163,"column":35},"end":{"line":163,"column":36}},"loc":{"start":{"line":163,"column":47},"end":{"line":190,"column":1}},"line":163},"15":{"name":"(anonymous_15)","decl":{"start":{"line":192,"column":37},"end":{"line":192,"column":38}},"loc":{"start":{"line":192,"column":49},"end":{"line":201,"column":1}},"line":192}},"branchMap":{"0":{"loc":{"start":{"line":14,"column":2},"end":{"line":14,"column":52}},"type":"if","locations":[{"start":{"line":14,"column":2},"end":{"line":14,"column":52}},{"start":{},"end":{}}],"line":14},"1":{"loc":{"start":{"line":21,"column":18},"end":{"line":21,"column":46}},"type":"binary-expr","locations":[{"start":{"line":21,"column":18},"end":{"line":21,"column":31}},{"start":{"line":21,"column":35},"end":{"line":21,"column":46}}],"line":21},"2":{"loc":{"start":{"line":23,"column":2},"end":{"line":23,"column":49}},"type":"if","locations":[{"start":{"line":23,"column":2},"end":{"line":23,"column":49}},{"start":{},"end":{}}],"line":23},"3":{"loc":{"start":{"line":50,"column":4},"end":{"line":50,"column":72}},"type":"if","locations":[{"start":{"line":50,"column":4},"end":{"line":50,"column":72}},{"start":{},"end":{}}],"line":50},"4":{"loc":{"start":{"line":50,"column":8},"end":{"line":50,"column":61}},"type":"binary-expr","locations":[{"start":{"line":50,"column":8},"end":{"line":50,"column":14}},{"start":{"line":50,"column":18},"end":{"line":50,"column":61}}],"line":50},"5":{"loc":{"start":{"line":57,"column":6},"end":{"line":59,"column":42}},"type":"binary-expr","locations":[{"start":{"line":57,"column":6},"end":{"line":57,"column":35}},{"start":{"line":58,"column":6},"end":{"line":58,"column":36}},{"start":{"line":59,"column":6},"end":{"line":59,"column":42}}],"line":57},"6":{"loc":{"start":{"line":62,"column":4},"end":{"line":66,"column":5}},"type":"if","locations":[{"start":{"line":62,"column":4},"end":{"line":66,"column":5}},{"start":{},"end":{}}],"line":62},"7":{"loc":{"start":{"line":63,"column":27},"end":{"line":63,"column":63}},"type":"binary-expr","locations":[{"start":{"line":63,"column":27},"end":{"line":63,"column":58}},{"start":{"line":63,"column":62},"end":{"line":63,"column":63}}],"line":63},"8":{"loc":{"start":{"line":86,"column":24},"end":{"line":86,"column":75}},"type":"cond-expr","locations":[{"start":{"line":86,"column":43},"end":{"line":86,"column":71}},{"start":{"line":86,"column":74},"end":{"line":86,"column":75}}],"line":86},"9":{"loc":{"start":{"line":87,"column":9},"end":{"line":87,"column":89}},"type":"binary-expr","locations":[{"start":{"line":87,"column":9},"end":{"line":87,"column":48}},{"start":{"line":87,"column":52},"end":{"line":87,"column":89}}],"line":87},"10":{"loc":{"start":{"line":101,"column":2},"end":{"line":101,"column":54}},"type":"if","locations":[{"start":{"line":101,"column":2},"end":{"line":101,"column":54}},{"start":{},"end":{}}],"line":101},"11":{"loc":{"start":{"line":109,"column":27},"end":{"line":109,"column":65}},"type":"binary-expr","locations":[{"start":{"line":109,"column":27},"end":{"line":109,"column":60}},{"start":{"line":109,"column":64},"end":{"line":109,"column":65}}],"line":109},"12":{"loc":{"start":{"line":132,"column":4},"end":{"line":135,"column":5}},"type":"if","locations":[{"start":{"line":132,"column":4},"end":{"line":135,"column":5}},{"start":{},"end":{}}],"line":132},"13":{"loc":{"start":{"line":138,"column":2},"end":{"line":153,"column":3}},"type":"if","locations":[{"start":{"line":138,"column":2},"end":{"line":153,"column":3}},{"start":{},"end":{}}],"line":138},"14":{"loc":{"start":{"line":138,"column":6},"end":{"line":138,"column":52}},"type":"binary-expr","locations":[{"start":{"line":138,"column":6},"end":{"line":138,"column":20}},{"start":{"line":138,"column":24},"end":{"line":138,"column":52}}],"line":138},"15":{"loc":{"start":{"line":140,"column":4},"end":{"line":152,"column":5}},"type":"if","locations":[{"start":{"line":140,"column":4},"end":{"line":152,"column":5}},{"start":{},"end":{}}],"line":140},"16":{"loc":{"start":{"line":174,"column":8},"end":{"line":183,"column":9}},"type":"if","locations":[{"start":{"line":174,"column":8},"end":{"line":183,"column":9}},{"start":{},"end":{}}],"line":174},"17":{"loc":{"start":{"line":176,"column":10},"end":{"line":182,"column":11}},"type":"if","locations":[{"start":{"line":176,"column":10},"end":{"line":182,"column":11}},{"start":{},"end":{}}],"line":176},"18":{"loc":{"start":{"line":195,"column":4},"end":{"line":197,"column":5}},"type":"if","locations":[{"start":{"line":195,"column":4},"end":{"line":197,"column":5}},{"start":{},"end":{}}],"line":195}},"s":{"0":1,"1":0,"2":1,"3":1,"4":1,"5":1,"6":0,"7":1,"8":1,"9":1,"10":1,"11":1,"12":1,"13":1,"14":1,"15":0,"16":1,"17":1,"18":1,"19":1,"20":1,"21":1,"22":1,"23":1,"24":1,"25":2,"26":2,"27":2,"28":2,"29":2,"30":4,"31":2,"32":2,"33":1,"34":1,"35":2,"36":1,"37":2,"38":1,"39":1,"40":0,"41":0,"42":0,"43":0,"44":0,"45":0,"46":0,"47":0,"48":0,"49":0,"50":0,"51":0,"52":0,"53":0,"54":1,"55":1,"56":1,"57":1,"58":1,"59":1,"60":1,"61":1,"62":1,"63":1,"64":1,"65":1,"66":1,"67":1,"68":1,"69":1,"70":1,"71":1,"72":1,"73":1,"74":2,"75":2,"76":2,"77":2,"78":2,"79":2,"80":2,"81":2,"82":2,"83":1,"84":1,"85":1,"86":1,"87":2,"88":1,"89":2,"90":2,"91":2,"92":1,"93":0},"f":{"0":1,"1":1,"2":1,"3":1,"4":1,"5":2,"6":2,"7":4,"8":2,"9":2,"10":0,"11":0,"12":0,"13":1,"14":2,"15":2},"b":{"0":[0,1],"1":[1,1],"2":[0,1],"3":[0,1],"4":[1,1],"5":[1,1,1],"6":[1,0],"7":[1,1],"8":[1,0],"9":[1,1],"10":[0,0],"11":[0,0],"12":[1,0],"13":[1,0],"14":[1,1],"15":[1,0],"16":[2,0],"17":[1,0],"18":[1,1]},"_coverageSchema":"1a1c01bbd47fc00a2c39e90264f33305004495a9","hash":"cb409bbec9ac2f2b18e903069fe8ee7191cce203"}
,"C:\\ASD\\COPIAS DE SEGURIDAD\\COPIA 6\\Git-Masters_V4_Completo\\backend\\src\\modules\\dashboard\\dashboard.docs.js": {"path":"C:\\ASD\\COPIAS DE SEGURIDAD\\COPIA 6\\Git-Masters_V4_Completo\\backend\\src\\modules\\dashboard\\dashboard.docs.js","statementMap":{},"fnMap":{},"branchMap":{},"s":{},"f":{},"b":{}}
,"C:\\ASD\\COPIAS DE SEGURIDAD\\COPIA 6\\Git-Masters_V4_Completo\\backend\\src\\modules\\dashboard\\controller\\dashboard.controller.js": {"path":"C:\\ASD\\COPIAS DE SEGURIDAD\\COPIA 6\\Git-Masters_V4_Completo\\backend\\src\\modules\\dashboard\\controller\\dashboard.controller.js","statementMap":{"0":{"start":{"line":3,"column":30},"end":{"line":12,"column":1}},"1":{"start":{"line":4,"column":2},"end":{"line":11,"column":3}},"2":{"start":{"line":5,"column":19},"end":{"line":5,"column":30}},"3":{"start":{"line":6,"column":26},"end":{"line":6,"column":56}},"4":{"start":{"line":7,"column":4},"end":{"line":7,"column":40}},"5":{"start":{"line":9,"column":4},"end":{"line":9,"column":70}},"6":{"start":{"line":10,"column":4},"end":{"line":10,"column":69}}},"fnMap":{"0":{"name":"(anonymous_0)","decl":{"start":{"line":3,"column":30},"end":{"line":3,"column":31}},"loc":{"start":{"line":3,"column":50},"end":{"line":12,"column":1}},"line":3}},"branchMap":{},"s":{"0":1,"1":2,"2":2,"3":2,"4":1,"5":1,"6":1},"f":{"0":2},"b":{},"_coverageSchema":"1a1c01bbd47fc00a2c39e90264f33305004495a9","hash":"aeb2820f68c4a19ad2180b615f09622d2e698326"}
,"C:\\ASD\\COPIAS DE SEGURIDAD\\COPIA 6\\Git-Masters_V4_Completo\\backend\\src\\modules\\dashboard\\routes\\dashboard.routes.js": {"path":"C:\\ASD\\COPIAS DE SEGURIDAD\\COPIA 6\\Git-Masters_V4_Completo\\backend\\src\\modules\\dashboard\\routes\\dashboard.routes.js","statementMap":{"0":{"start":{"line":6,"column":15},"end":{"line":6,"column":23}},"1":{"start":{"line":7,"column":15},"end":{"line":7,"column":33}},"2":{"start":{"line":11,"column":14},"end":{"line":11,"column":37}},"3":{"start":{"line":12,"column":2},"end":{"line":20,"column":3}},"4":{"start":{"line":13,"column":21},"end":{"line":15,"column":6}},"5":{"start":{"line":16,"column":4},"end":{"line":19,"column":5}},"6":{"start":{"line":17,"column":6},"end":{"line":17,"column":26}},"7":{"start":{"line":18,"column":6},"end":{"line":18,"column":20}},"8":{"start":{"line":21,"column":2},"end":{"line":21,"column":37}},"9":{"start":{"line":25,"column":0},"end":{"line":25,"column":48}}},"fnMap":{"0":{"name":"testBypassAuth","decl":{"start":{"line":10,"column":15},"end":{"line":10,"column":29}},"loc":{"start":{"line":10,"column":46},"end":{"line":22,"column":1}},"line":10}},"branchMap":{"0":{"loc":{"start":{"line":12,"column":2},"end":{"line":20,"column":3}},"type":"if","locations":[{"start":{"line":12,"column":2},"end":{"line":20,"column":3}},{"start":{},"end":{}}],"line":12},"1":{"loc":{"start":{"line":12,"column":6},"end":{"line":12,"column":66}},"type":"binary-expr","locations":[{"start":{"line":12,"column":6},"end":{"line":12,"column":30}},{"start":{"line":12,"column":34},"end":{"line":12,"column":66}}],"line":12},"2":{"loc":{"start":{"line":16,"column":4},"end":{"line":19,"column":5}},"type":"if","locations":[{"start":{"line":16,"column":4},"end":{"line":19,"column":5}},{"start":{},"end":{}}],"line":16}},"s":{"0":1,"1":1,"2":2,"3":2,"4":1,"5":1,"6":1,"7":1,"8":1,"9":1},"f":{"0":2},"b":{"0":[1,1],"1":[2,1],"2":[1,0]},"_coverageSchema":"1a1c01bbd47fc00a2c39e90264f33305004495a9","hash":"d6334cdeb552f18bc37d38883edad3abf73499aa"}
,"C:\\ASD\\COPIAS DE SEGURIDAD\\COPIA 6\\Git-Masters_V4_Completo\\backend\\src\\modules\\dashboard\\service\\dashboard.service.js": {"path":"C:\\ASD\\COPIAS DE SEGURIDAD\\COPIA 6\\Git-Masters_V4_Completo\\backend\\src\\modules\\dashboard\\service\\dashboard.service.js","statementMap":{"0":{"start":{"line":4,"column":32},"end":{"line":65,"column":1}},"1":{"start":{"line":6,"column":60},"end":{"line":33,"column":4}},"2":{"start":{"line":35,"column":2},"end":{"line":37,"column":3}},"3":{"start":{"line":36,"column":4},"end":{"line":36,"column":56}},"4":{"start":{"line":40,"column":15},"end":{"line":40,"column":73}},"5":{"start":{"line":40,"column":50},"end":{"line":40,"column":68}},"6":{"start":{"line":43,"column":22},"end":{"line":54,"column":50}},"7":{"start":{"line":46,"column":26},"end":{"line":46,"column":93}},"8":{"start":{"line":46,"column":63},"end":{"line":46,"column":89}},"9":{"start":{"line":47,"column":6},"end":{"line":51,"column":8}},"10":{"start":{"line":54,"column":20},"end":{"line":54,"column":49}},"11":{"start":{"line":57,"column":2},"end":{"line":64,"column":4}},"12":{"start":{"line":61,"column":49},"end":{"line":61,"column":57}}},"fnMap":{"0":{"name":"(anonymous_0)","decl":{"start":{"line":4,"column":32},"end":{"line":4,"column":33}},"loc":{"start":{"line":4,"column":50},"end":{"line":65,"column":1}},"line":4},"1":{"name":"(anonymous_1)","decl":{"start":{"line":40,"column":40},"end":{"line":40,"column":41}},"loc":{"start":{"line":40,"column":50},"end":{"line":40,"column":68}},"line":40},"2":{"name":"(anonymous_2)","decl":{"start":{"line":44,"column":9},"end":{"line":44,"column":10}},"loc":{"start":{"line":44,"column":17},"end":{"line":52,"column":5}},"line":44},"3":{"name":"(anonymous_3)","decl":{"start":{"line":46,"column":46},"end":{"line":46,"column":47}},"loc":{"start":{"line":46,"column":63},"end":{"line":46,"column":89}},"line":46},"4":{"name":"(anonymous_4)","decl":{"start":{"line":54,"column":10},"end":{"line":54,"column":11}},"loc":{"start":{"line":54,"column":20},"end":{"line":54,"column":49}},"line":54},"5":{"name":"(anonymous_5)","decl":{"start":{"line":61,"column":43},"end":{"line":61,"column":44}},"loc":{"start":{"line":61,"column":49},"end":{"line":61,"column":57}},"line":61}},"branchMap":{"0":{"loc":{"start":{"line":35,"column":2},"end":{"line":37,"column":3}},"type":"if","locations":[{"start":{"line":35,"column":2},"end":{"line":37,"column":3}},{"start":{},"end":{}}],"line":35}},"s":{"0":1,"1":2,"2":2,"3":1,"4":1,"5":1,"6":1,"7":2,"8":2,"9":2,"10":1,"11":1,"12":1},"f":{"0":2,"1":1,"2":2,"3":2,"4":1,"5":1},"b":{"0":[1,1]},"_coverageSchema":"1a1c01bbd47fc00a2c39e90264f33305004495a9","hash":"1cd3952e085779b7cb22f316b121e0db5067969a"}
,"C:\\ASD\\COPIAS DE SEGURIDAD\\COPIA 6\\Git-Masters_V4_Completo\\backend\\src\\modules\\events\\events.docs.js": {"path":"C:\\ASD\\COPIAS DE SEGURIDAD\\COPIA 6\\Git-Masters_V4_Completo\\backend\\src\\modules\\events\\events.docs.js","statementMap":{},"fnMap":{},"branchMap":{},"s":{},"f":{},"b":{}}
,"C:\\ASD\\COPIAS DE SEGURIDAD\\COPIA 6\\Git-Masters_V4_Completo\\backend\\src\\modules\\events\\controller\\events.controller.js": {"path":"C:\\ASD\\COPIAS DE SEGURIDAD\\COPIA 6\\Git-Masters_V4_Completo\\backend\\src\\modules\\events\\controller\\events.controller.js","statementMap":{"0":{"start":{"line":4,"column":26},"end":{"line":32,"column":1}},"1":{"start":{"line":5,"column":2},"end":{"line":31,"column":3}},"2":{"start":{"line":7,"column":20},"end":{"line":15,"column":5}},"3":{"start":{"line":17,"column":23},"end":{"line":21,"column":5}},"4":{"start":{"line":24,"column":19},"end":{"line":24,"column":72}},"5":{"start":{"line":27,"column":4},"end":{"line":27,"column":28}},"6":{"start":{"line":29,"column":4},"end":{"line":29,"column":51}},"7":{"start":{"line":30,"column":4},"end":{"line":30,"column":54}},"8":{"start":{"line":35,"column":28},"end":{"line":55,"column":1}},"9":{"start":{"line":36,"column":2},"end":{"line":54,"column":3}},"10":{"start":{"line":38,"column":15},"end":{"line":38,"column":28}},"11":{"start":{"line":39,"column":27},"end":{"line":39,"column":83}},"12":{"start":{"line":42,"column":14},"end":{"line":42,"column":66}},"13":{"start":{"line":45,"column":4},"end":{"line":47,"column":5}},"14":{"start":{"line":46,"column":6},"end":{"line":46,"column":58}},"15":{"start":{"line":50,"column":4},"end":{"line":50,"column":23}},"16":{"start":{"line":52,"column":4},"end":{"line":52,"column":51}},"17":{"start":{"line":53,"column":4},"end":{"line":53,"column":54}}},"fnMap":{"0":{"name":"(anonymous_0)","decl":{"start":{"line":4,"column":26},"end":{"line":4,"column":27}},"loc":{"start":{"line":4,"column":46},"end":{"line":32,"column":1}},"line":4},"1":{"name":"(anonymous_1)","decl":{"start":{"line":35,"column":28},"end":{"line":35,"column":29}},"loc":{"start":{"line":35,"column":48},"end":{"line":55,"column":1}},"line":35}},"branchMap":{"0":{"loc":{"start":{"line":20,"column":12},"end":{"line":20,"column":48}},"type":"binary-expr","locations":[{"start":{"line":20,"column":12},"end":{"line":20,"column":26}},{"start":{"line":20,"column":30},"end":{"line":20,"column":48}}],"line":20},"1":{"loc":{"start":{"line":39,"column":28},"end":{"line":39,"column":51}},"type":"binary-expr","locations":[{"start":{"line":39,"column":28},"end":{"line":39,"column":45}},{"start":{"line":39,"column":49},"end":{"line":39,"column":51}}],"line":39},"2":{"loc":{"start":{"line":45,"column":4},"end":{"line":47,"column":5}},"type":"if","locations":[{"start":{"line":45,"column":4},"end":{"line":47,"column":5}},{"start":{},"end":{}}],"line":45}},"s":{"0":1,"1":3,"2":3,"3":3,"4":3,"5":2,"6":1,"7":1,"8":1,"9":4,"10":4,"11":4,"12":4,"13":3,"14":1,"15":2,"16":1,"17":1},"f":{"0":3,"1":4},"b":{"0":[3,2],"1":[4,3],"2":[1,2]},"_coverageSchema":"1a1c01bbd47fc00a2c39e90264f33305004495a9","hash":"6765d8f1658e7321073d683dbd634c54fb9c67b8"}
,"C:\\ASD\\COPIAS DE SEGURIDAD\\COPIA 6\\Git-Masters_V4_Completo\\backend\\src\\modules\\events\\routes\\events.routes.js": {"path":"C:\\ASD\\COPIAS DE SEGURIDAD\\COPIA 6\\Git-Masters_V4_Completo\\backend\\src\\modules\\events\\routes\\events.routes.js","statementMap":{"0":{"start":{"line":5,"column":15},"end":{"line":5,"column":31}},"1":{"start":{"line":9,"column":14},"end":{"line":9,"column":37}},"2":{"start":{"line":10,"column":2},"end":{"line":12,"column":3}},"3":{"start":{"line":11,"column":4},"end":{"line":11,"column":18}},"4":{"start":{"line":13,"column":2},"end":{"line":13,"column":37}},"5":{"start":{"line":16,"column":0},"end":{"line":16,"column":44}},"6":{"start":{"line":17,"column":0},"end":{"line":17,"column":49}}},"fnMap":{"0":{"name":"testBypassAuth","decl":{"start":{"line":8,"column":9},"end":{"line":8,"column":23}},"loc":{"start":{"line":8,"column":40},"end":{"line":14,"column":1}},"line":8}},"branchMap":{"0":{"loc":{"start":{"line":10,"column":2},"end":{"line":12,"column":3}},"type":"if","locations":[{"start":{"line":10,"column":2},"end":{"line":12,"column":3}},{"start":{},"end":{}}],"line":10},"1":{"loc":{"start":{"line":10,"column":6},"end":{"line":10,"column":66}},"type":"binary-expr","locations":[{"start":{"line":10,"column":6},"end":{"line":10,"column":30}},{"start":{"line":10,"column":34},"end":{"line":10,"column":66}}],"line":10}},"s":{"0":1,"1":4,"2":4,"3":2,"4":2,"5":1,"6":1},"f":{"0":4},"b":{"0":[2,2],"1":[4,4]},"_coverageSchema":"1a1c01bbd47fc00a2c39e90264f33305004495a9","hash":"879b3ec75057efa3e4b3c745a31aafa791464f95"}
,"C:\\ASD\\COPIAS DE SEGURIDAD\\COPIA 6\\Git-Masters_V4_Completo\\backend\\src\\modules\\events\\service\\events.service.js": {"path":"C:\\ASD\\COPIAS DE SEGURIDAD\\COPIA 6\\Git-Masters_V4_Completo\\backend\\src\\modules\\events\\service\\events.service.js","statementMap":{"0":{"start":{"line":5,"column":14},"end":{"line":5,"column":16}},"1":{"start":{"line":6,"column":2},"end":{"line":10,"column":3}},"2":{"start":{"line":7,"column":4},"end":{"line":9,"column":5}},"3":{"start":{"line":8,"column":6},"end":{"line":8,"column":22}},"4":{"start":{"line":11,"column":2},"end":{"line":11,"column":13}},"5":{"start":{"line":16,"column":15},"end":{"line":19,"column":4}},"6":{"start":{"line":20,"column":2},"end":{"line":22,"column":3}},"7":{"start":{"line":21,"column":4},"end":{"line":21,"column":29}},"8":{"start":{"line":23,"column":2},"end":{"line":23,"column":14}},"9":{"start":{"line":33,"column":40},"end":{"line":33,"column":84}},"10":{"start":{"line":34,"column":2},"end":{"line":39,"column":4}},"11":{"start":{"line":38,"column":26},"end":{"line":38,"column":49}},"12":{"start":{"line":49,"column":12},"end":{"line":49,"column":41}},"13":{"start":{"line":50,"column":2},"end":{"line":52,"column":3}},"14":{"start":{"line":51,"column":4},"end":{"line":51,"column":16}},"15":{"start":{"line":53,"column":2},"end":{"line":53,"column":42}}},"fnMap":{"0":{"name":"pick","decl":{"start":{"line":4,"column":9},"end":{"line":4,"column":13}},"loc":{"start":{"line":4,"column":25},"end":{"line":12,"column":1}},"line":4},"1":{"name":"mapPublicItem","decl":{"start":{"line":15,"column":9},"end":{"line":15,"column":22}},"loc":{"start":{"line":15,"column":50},"end":{"line":24,"column":1}},"line":15},"2":{"name":"searchEvents","decl":{"start":{"line":32,"column":22},"end":{"line":32,"column":34}},"loc":{"start":{"line":32,"column":56},"end":{"line":40,"column":1}},"line":32},"3":{"name":"(anonymous_3)","decl":{"start":{"line":38,"column":21},"end":{"line":38,"column":22}},"loc":{"start":{"line":38,"column":26},"end":{"line":38,"column":49}},"line":38},"4":{"name":"getEventById","decl":{"start":{"line":48,"column":22},"end":{"line":48,"column":34}},"loc":{"start":{"line":48,"column":63},"end":{"line":54,"column":1}},"line":48}},"branchMap":{"0":{"loc":{"start":{"line":7,"column":4},"end":{"line":9,"column":5}},"type":"if","locations":[{"start":{"line":7,"column":4},"end":{"line":9,"column":5}},{"start":{},"end":{}}],"line":7},"1":{"loc":{"start":{"line":15,"column":26},"end":{"line":15,"column":48}},"type":"default-arg","locations":[{"start":{"line":15,"column":43},"end":{"line":15,"column":48}}],"line":15},"2":{"loc":{"start":{"line":20,"column":2},"end":{"line":22,"column":3}},"type":"if","locations":[{"start":{"line":20,"column":2},"end":{"line":22,"column":3}},{"start":{},"end":{}}],"line":20},"3":{"loc":{"start":{"line":48,"column":39},"end":{"line":48,"column":61}},"type":"default-arg","locations":[{"start":{"line":48,"column":56},"end":{"line":48,"column":61}}],"line":48},"4":{"loc":{"start":{"line":50,"column":2},"end":{"line":52,"column":3}},"type":"if","locations":[{"start":{"line":50,"column":2},"end":{"line":52,"column":3}},{"start":{},"end":{}}],"line":50}},"s":{"0":4,"1":4,"2":40,"3":38,"4":4,"5":4,"6":4,"7":1,"8":4,"9":1,"10":1,"11":2,"12":3,"13":3,"14":1,"15":2},"f":{"0":4,"1":4,"2":1,"3":2,"4":3},"b":{"0":[38,2],"1":[0],"2":[1,3],"3":[2],"4":[1,2]},"_coverageSchema":"1a1c01bbd47fc00a2c39e90264f33305004495a9","hash":"215ec7c9049156d56b27d214ed473c81c1ae8142"}
,"C:\\ASD\\COPIAS DE SEGURIDAD\\COPIA 6\\Git-Masters_V4_Completo\\backend\\src\\modules\\leaderboard\\leadboard.docs.js": {"path":"C:\\ASD\\COPIAS DE SEGURIDAD\\COPIA 6\\Git-Masters_V4_Completo\\backend\\src\\modules\\leaderboard\\leadboard.docs.js","statementMap":{},"fnMap":{},"branchMap":{},"s":{},"f":{},"b":{}}
,"C:\\ASD\\COPIAS DE SEGURIDAD\\COPIA 6\\Git-Masters_V4_Completo\\backend\\src\\modules\\leaderboard\\controller\\leaderboard.controller.js": {"path":"C:\\ASD\\COPIAS DE SEGURIDAD\\COPIA 6\\Git-Masters_V4_Completo\\backend\\src\\modules\\leaderboard\\controller\\leaderboard.controller.js","statementMap":{"0":{"start":{"line":3,"column":30},"end":{"line":11,"column":1}},"1":{"start":{"line":4,"column":2},"end":{"line":10,"column":3}},"2":{"start":{"line":5,"column":28},"end":{"line":5,"column":47}},"3":{"start":{"line":6,"column":4},"end":{"line":6,"column":42}},"4":{"start":{"line":8,"column":4},"end":{"line":8,"column":61}},"5":{"start":{"line":9,"column":4},"end":{"line":9,"column":69}}},"fnMap":{"0":{"name":"(anonymous_0)","decl":{"start":{"line":3,"column":30},"end":{"line":3,"column":31}},"loc":{"start":{"line":3,"column":50},"end":{"line":11,"column":1}},"line":3}},"branchMap":{},"s":{"0":1,"1":2,"2":2,"3":1,"4":1,"5":1},"f":{"0":2},"b":{},"_coverageSchema":"1a1c01bbd47fc00a2c39e90264f33305004495a9","hash":"21a3b336fee5f4a68ea5477cb7ed723b278da2b5"}
,"C:\\ASD\\COPIAS DE SEGURIDAD\\COPIA 6\\Git-Masters_V4_Completo\\backend\\src\\modules\\leaderboard\\routes\\leaderboard.routes.js": {"path":"C:\\ASD\\COPIAS DE SEGURIDAD\\COPIA 6\\Git-Masters_V4_Completo\\backend\\src\\modules\\leaderboard\\routes\\leaderboard.routes.js","statementMap":{"0":{"start":{"line":4,"column":15},"end":{"line":4,"column":23}},"1":{"start":{"line":7,"column":0},"end":{"line":7,"column":32}}},"fnMap":{},"branchMap":{},"s":{"0":1,"1":1},"f":{},"b":{},"_coverageSchema":"1a1c01bbd47fc00a2c39e90264f33305004495a9","hash":"eef4db27d9d316f1409da561bd8ff009de6d6ed1"}
,"C:\\ASD\\COPIAS DE SEGURIDAD\\COPIA 6\\Git-Masters_V4_Completo\\backend\\src\\modules\\leaderboard\\service\\leaderboard.service.js": {"path":"C:\\ASD\\COPIAS DE SEGURIDAD\\COPIA 6\\Git-Masters_V4_Completo\\backend\\src\\modules\\leaderboard\\service\\leaderboard.service.js","statementMap":{"0":{"start":{"line":3,"column":15},"end":{"line":3,"column":33}},"1":{"start":{"line":5,"column":27},"end":{"line":35,"column":1}},"2":{"start":{"line":6,"column":19},"end":{"line":25,"column":4}},"3":{"start":{"line":28,"column":2},"end":{"line":34,"column":6}},"4":{"start":{"line":28,"column":31},"end":{"line":34,"column":3}}},"fnMap":{"0":{"name":"(anonymous_0)","decl":{"start":{"line":5,"column":27},"end":{"line":5,"column":28}},"loc":{"start":{"line":5,"column":39},"end":{"line":35,"column":1}},"line":5},"1":{"name":"(anonymous_1)","decl":{"start":{"line":28,"column":22},"end":{"line":28,"column":23}},"loc":{"start":{"line":28,"column":31},"end":{"line":34,"column":3}},"line":28}},"branchMap":{"0":{"loc":{"start":{"line":33,"column":11},"end":{"line":33,"column":35}},"type":"binary-expr","locations":[{"start":{"line":33,"column":11},"end":{"line":33,"column":30}},{"start":{"line":33,"column":34},"end":{"line":33,"column":35}}],"line":33}},"s":{"0":1,"1":1,"2":2,"3":1,"4":2},"f":{"0":2,"1":2},"b":{"0":[2,1]},"_coverageSchema":"1a1c01bbd47fc00a2c39e90264f33305004495a9","hash":"29dedcec216ebdd5afe7ff6a94f2d0c860f733a6"}
,"C:\\ASD\\COPIAS DE SEGURIDAD\\COPIA 6\\Git-Masters_V4_Completo\\backend\\src\\modules\\profile\\profile.docs.js": {"path":"C:\\ASD\\COPIAS DE SEGURIDAD\\COPIA 6\\Git-Masters_V4_Completo\\backend\\src\\modules\\profile\\profile.docs.js","statementMap":{},"fnMap":{},"branchMap":{},"s":{},"f":{},"b":{}}
,"C:\\ASD\\COPIAS DE SEGURIDAD\\COPIA 6\\Git-Masters_V4_Completo\\backend\\src\\modules\\profile\\controller\\profile.controller.js": {"path":"C:\\ASD\\COPIAS DE SEGURIDAD\\COPIA 6\\Git-Masters_V4_Completo\\backend\\src\\modules\\profile\\controller\\profile.controller.js","statementMap":{"0":{"start":{"line":11,"column":30},"end":{"line":26,"column":1}},"1":{"start":{"line":12,"column":2},"end":{"line":25,"column":3}},"2":{"start":{"line":13,"column":19},"end":{"line":13,"column":30}},"3":{"start":{"line":15,"column":24},"end":{"line":15,"column":56}},"4":{"start":{"line":17,"column":4},"end":{"line":19,"column":5}},"5":{"start":{"line":18,"column":6},"end":{"line":18,"column":71}},"6":{"start":{"line":21,"column":4},"end":{"line":21,"column":38}},"7":{"start":{"line":23,"column":4},"end":{"line":23,"column":56}},"8":{"start":{"line":24,"column":4},"end":{"line":24,"column":69}},"9":{"start":{"line":31,"column":33},"end":{"line":51,"column":1}},"10":{"start":{"line":32,"column":4},"end":{"line":50,"column":5}},"11":{"start":{"line":33,"column":23},"end":{"line":33,"column":34}},"12":{"start":{"line":34,"column":29},"end":{"line":34,"column":37}},"13":{"start":{"line":36,"column":8},"end":{"line":38,"column":9}},"14":{"start":{"line":37,"column":12},"end":{"line":37,"column":85}},"15":{"start":{"line":40,"column":31},"end":{"line":40,"column":72}},"16":{"start":{"line":42,"column":8},"end":{"line":45,"column":11}},"17":{"start":{"line":48,"column":8},"end":{"line":48,"column":63}},"18":{"start":{"line":49,"column":8},"end":{"line":49,"column":73}},"19":{"start":{"line":58,"column":31},"end":{"line":67,"column":1}},"20":{"start":{"line":59,"column":2},"end":{"line":66,"column":3}},"21":{"start":{"line":60,"column":19},"end":{"line":60,"column":30}},"22":{"start":{"line":61,"column":21},"end":{"line":61,"column":57}},"23":{"start":{"line":62,"column":4},"end":{"line":62,"column":35}},"24":{"start":{"line":64,"column":4},"end":{"line":64,"column":71}},"25":{"start":{"line":65,"column":4},"end":{"line":65,"column":69}},"26":{"start":{"line":72,"column":36},"end":{"line":81,"column":1}},"27":{"start":{"line":73,"column":2},"end":{"line":80,"column":3}},"28":{"start":{"line":74,"column":19},"end":{"line":74,"column":30}},"29":{"start":{"line":75,"column":20},"end":{"line":75,"column":58}},"30":{"start":{"line":76,"column":4},"end":{"line":76,"column":34}},"31":{"start":{"line":78,"column":4},"end":{"line":78,"column":66}},"32":{"start":{"line":79,"column":4},"end":{"line":79,"column":69}}},"fnMap":{"0":{"name":"(anonymous_0)","decl":{"start":{"line":11,"column":30},"end":{"line":11,"column":31}},"loc":{"start":{"line":11,"column":50},"end":{"line":26,"column":1}},"line":11},"1":{"name":"(anonymous_1)","decl":{"start":{"line":31,"column":33},"end":{"line":31,"column":34}},"loc":{"start":{"line":31,"column":53},"end":{"line":51,"column":1}},"line":31},"2":{"name":"(anonymous_2)","decl":{"start":{"line":58,"column":31},"end":{"line":58,"column":32}},"loc":{"start":{"line":58,"column":51},"end":{"line":67,"column":1}},"line":58},"3":{"name":"(anonymous_3)","decl":{"start":{"line":72,"column":36},"end":{"line":72,"column":37}},"loc":{"start":{"line":72,"column":56},"end":{"line":81,"column":1}},"line":72}},"branchMap":{"0":{"loc":{"start":{"line":17,"column":4},"end":{"line":19,"column":5}},"type":"if","locations":[{"start":{"line":17,"column":4},"end":{"line":19,"column":5}},{"start":{},"end":{}}],"line":17},"1":{"loc":{"start":{"line":36,"column":8},"end":{"line":38,"column":9}},"type":"if","locations":[{"start":{"line":36,"column":8},"end":{"line":38,"column":9}},{"start":{},"end":{}}],"line":36},"2":{"loc":{"start":{"line":36,"column":12},"end":{"line":36,"column":68}},"type":"binary-expr","locations":[{"start":{"line":36,"column":12},"end":{"line":36,"column":25}},{"start":{"line":36,"column":29},"end":{"line":36,"column":68}}],"line":36}},"s":{"0":1,"1":3,"2":3,"3":3,"4":2,"5":1,"6":1,"7":1,"8":1,"9":1,"10":3,"11":3,"12":3,"13":3,"14":1,"15":2,"16":1,"17":1,"18":1,"19":1,"20":2,"21":2,"22":2,"23":1,"24":1,"25":1,"26":1,"27":2,"28":2,"29":2,"30":1,"31":1,"32":1},"f":{"0":3,"1":3,"2":2,"3":2},"b":{"0":[1,1],"1":[1,2],"2":[3,3]},"_coverageSchema":"1a1c01bbd47fc00a2c39e90264f33305004495a9","hash":"fb5f82975e71fa2657e062150c46c54abaced719"}
,"C:\\ASD\\COPIAS DE SEGURIDAD\\COPIA 6\\Git-Masters_V4_Completo\\backend\\src\\modules\\profile\\routes\\profile.routes.js": {"path":"C:\\ASD\\COPIAS DE SEGURIDAD\\COPIA 6\\Git-Masters_V4_Completo\\backend\\src\\modules\\profile\\routes\\profile.routes.js","statementMap":{"0":{"start":{"line":11,"column":15},"end":{"line":11,"column":23}},"1":{"start":{"line":12,"column":15},"end":{"line":12,"column":33}},"2":{"start":{"line":16,"column":14},"end":{"line":16,"column":37}},"3":{"start":{"line":17,"column":2},"end":{"line":24,"column":3}},"4":{"start":{"line":19,"column":21},"end":{"line":19,"column":50}},"5":{"start":{"line":20,"column":4},"end":{"line":23,"column":5}},"6":{"start":{"line":21,"column":6},"end":{"line":21,"column":26}},"7":{"start":{"line":22,"column":6},"end":{"line":22,"column":20}},"8":{"start":{"line":26,"column":2},"end":{"line":26,"column":37}},"9":{"start":{"line":30,"column":0},"end":{"line":30,"column":48}},"10":{"start":{"line":33,"column":0},"end":{"line":33,"column":53}},"11":{"start":{"line":38,"column":0},"end":{"line":38,"column":57}},"12":{"start":{"line":41,"column":0},"end":{"line":41,"column":68}}},"fnMap":{"0":{"name":"testBypassAuth","decl":{"start":{"line":15,"column":15},"end":{"line":15,"column":29}},"loc":{"start":{"line":15,"column":46},"end":{"line":27,"column":1}},"line":15}},"branchMap":{"0":{"loc":{"start":{"line":17,"column":2},"end":{"line":24,"column":3}},"type":"if","locations":[{"start":{"line":17,"column":2},"end":{"line":24,"column":3}},{"start":{},"end":{}}],"line":17},"1":{"loc":{"start":{"line":17,"column":6},"end":{"line":17,"column":66}},"type":"binary-expr","locations":[{"start":{"line":17,"column":6},"end":{"line":17,"column":30}},{"start":{"line":17,"column":34},"end":{"line":17,"column":66}}],"line":17},"2":{"loc":{"start":{"line":20,"column":4},"end":{"line":23,"column":5}},"type":"if","locations":[{"start":{"line":20,"column":4},"end":{"line":23,"column":5}},{"start":{},"end":{}}],"line":20}},"s":{"0":1,"1":1,"2":4,"3":4,"4":4,"5":4,"6":4,"7":4,"8":0,"9":1,"10":1,"11":1,"12":1},"f":{"0":4},"b":{"0":[4,0],"1":[4,4],"2":[4,0]},"_coverageSchema":"1a1c01bbd47fc00a2c39e90264f33305004495a9","hash":"0f4823a02626605a5e791111f49fc33db6f5f8bc"}
,"C:\\ASD\\COPIAS DE SEGURIDAD\\COPIA 6\\Git-Masters_V4_Completo\\backend\\src\\modules\\profile\\service\\profile.service.js": {"path":"C:\\ASD\\COPIAS DE SEGURIDAD\\COPIA 6\\Git-Masters_V4_Completo\\backend\\src\\modules\\profile\\service\\profile.service.js","statementMap":{"0":{"start":{"line":3,"column":15},"end":{"line":3,"column":33}},"1":{"start":{"line":10,"column":34},"end":{"line":77,"column":1}},"2":{"start":{"line":11,"column":22},"end":{"line":52,"column":4}},"3":{"start":{"line":54,"column":2},"end":{"line":56,"column":3}},"4":{"start":{"line":55,"column":4},"end":{"line":55,"column":16}},"5":{"start":{"line":59,"column":2},"end":{"line":76,"column":4}},"6":{"start":{"line":71,"column":49},"end":{"line":75,"column":5}},"7":{"start":{"line":85,"column":29},"end":{"line":114,"column":1}},"8":{"start":{"line":86,"column":18},"end":{"line":86,"column":22}},"9":{"start":{"line":89,"column":2},"end":{"line":91,"column":3}},"10":{"start":{"line":90,"column":6},"end":{"line":90,"column":76}},"11":{"start":{"line":93,"column":22},"end":{"line":111,"column":4}},"12":{"start":{"line":113,"column":2},"end":{"line":113,"column":29}},"13":{"start":{"line":123,"column":38},"end":{"line":134,"column":1}},"14":{"start":{"line":124,"column":2},"end":{"line":133,"column":5}},"15":{"start":{"line":141,"column":40},"end":{"line":152,"column":1}},"16":{"start":{"line":142,"column":2},"end":{"line":151,"column":5}}},"fnMap":{"0":{"name":"(anonymous_0)","decl":{"start":{"line":10,"column":34},"end":{"line":10,"column":35}},"loc":{"start":{"line":10,"column":52},"end":{"line":77,"column":1}},"line":10},"1":{"name":"(anonymous_1)","decl":{"start":{"line":71,"column":43},"end":{"line":71,"column":44}},"loc":{"start":{"line":71,"column":49},"end":{"line":75,"column":5}},"line":71},"2":{"name":"(anonymous_2)","decl":{"start":{"line":85,"column":29},"end":{"line":85,"column":30}},"loc":{"start":{"line":85,"column":53},"end":{"line":114,"column":1}},"line":85},"3":{"name":"(anonymous_3)","decl":{"start":{"line":123,"column":38},"end":{"line":123,"column":39}},"loc":{"start":{"line":123,"column":56},"end":{"line":134,"column":1}},"line":123},"4":{"name":"(anonymous_4)","decl":{"start":{"line":141,"column":40},"end":{"line":141,"column":41}},"loc":{"start":{"line":141,"column":58},"end":{"line":152,"column":1}},"line":141}},"branchMap":{"0":{"loc":{"start":{"line":54,"column":2},"end":{"line":56,"column":3}},"type":"if","locations":[{"start":{"line":54,"column":2},"end":{"line":56,"column":3}},{"start":{},"end":{}}],"line":54},"1":{"loc":{"start":{"line":68,"column":11},"end":{"line":68,"column":42}},"type":"binary-expr","locations":[{"start":{"line":68,"column":11},"end":{"line":68,"column":37}},{"start":{"line":68,"column":41},"end":{"line":68,"column":42}}],"line":68},"2":{"loc":{"start":{"line":69,"column":9},"end":{"line":69,"column":72}},"type":"binary-expr","locations":[{"start":{"line":69,"column":9},"end":{"line":69,"column":33}},{"start":{"line":69,"column":37},"end":{"line":69,"column":72}}],"line":69},"3":{"loc":{"start":{"line":89,"column":2},"end":{"line":91,"column":3}},"type":"if","locations":[{"start":{"line":89,"column":2},"end":{"line":91,"column":3}},{"start":{},"end":{}}],"line":89}},"s":{"0":1,"1":1,"2":2,"3":2,"4":1,"5":1,"6":1,"7":1,"8":2,"9":2,"10":1,"11":1,"12":1,"13":1,"14":1,"15":1,"16":1},"f":{"0":2,"1":1,"2":2,"3":1,"4":1},"b":{"0":[1,1],"1":[1,0],"2":[1,0],"3":[1,1]},"_coverageSchema":"1a1c01bbd47fc00a2c39e90264f33305004495a9","hash":"d9afc18016c3280e0e543e18b252103e9ba3978c"}
,"C:\\ASD\\COPIAS DE SEGURIDAD\\COPIA 6\\Git-Masters_V4_Completo\\backend\\src\\modules\\rankings\\controller\\ranking.controller.js": {"path":"C:\\ASD\\COPIAS DE SEGURIDAD\\COPIA 6\\Git-Masters_V4_Completo\\backend\\src\\modules\\rankings\\controller\\ranking.controller.js","statementMap":{},"fnMap":{},"branchMap":{},"s":{},"f":{},"b":{}}
,"C:\\ASD\\COPIAS DE SEGURIDAD\\COPIA 6\\Git-Masters_V4_Completo\\backend\\src\\modules\\rankings\\routes\\ranking.routes.js": {"path":"C:\\ASD\\COPIAS DE SEGURIDAD\\COPIA 6\\Git-Masters_V4_Completo\\backend\\src\\modules\\rankings\\routes\\ranking.routes.js","statementMap":{},"fnMap":{},"branchMap":{},"s":{},"f":{},"b":{}}
,"C:\\ASD\\COPIAS DE SEGURIDAD\\COPIA 6\\Git-Masters_V4_Completo\\backend\\src\\modules\\rankings\\service\\ranking.service.js": {"path":"C:\\ASD\\COPIAS DE SEGURIDAD\\COPIA 6\\Git-Masters_V4_Completo\\backend\\src\\modules\\rankings\\service\\ranking.service.js","statementMap":{},"fnMap":{},"branchMap":{},"s":{},"f":{},"b":{}}
,"C:\\ASD\\COPIAS DE SEGURIDAD\\COPIA 6\\Git-Masters_V4_Completo\\backend\\src\\modules\\rules-points\\rules-points.docs.js": {"path":"C:\\ASD\\COPIAS DE SEGURIDAD\\COPIA 6\\Git-Masters_V4_Completo\\backend\\src\\modules\\rules-points\\rules-points.docs.js","statementMap":{},"fnMap":{},"branchMap":{},"s":{},"f":{},"b":{}}
,"C:\\ASD\\COPIAS DE SEGURIDAD\\COPIA 6\\Git-Masters_V4_Completo\\backend\\src\\modules\\rules-points\\controller\\point.controller.js": {"path":"C:\\ASD\\COPIAS DE SEGURIDAD\\COPIA 6\\Git-Masters_V4_Completo\\backend\\src\\modules\\rules-points\\controller\\point.controller.js","statementMap":{"0":{"start":{"line":8,"column":41},"end":{"line":22,"column":1}},"1":{"start":{"line":9,"column":2},"end":{"line":21,"column":3}},"2":{"start":{"line":11,"column":26},"end":{"line":11,"column":61}},"3":{"start":{"line":13,"column":4},"end":{"line":15,"column":5}},"4":{"start":{"line":14,"column":6},"end":{"line":14,"column":83}},"5":{"start":{"line":17,"column":4},"end":{"line":17,"column":40}},"6":{"start":{"line":19,"column":4},"end":{"line":19,"column":84}},"7":{"start":{"line":20,"column":4},"end":{"line":20,"column":69}},"8":{"start":{"line":27,"column":38},"end":{"line":35,"column":1}},"9":{"start":{"line":28,"column":2},"end":{"line":34,"column":3}},"10":{"start":{"line":29,"column":24},"end":{"line":29,"column":46}},"11":{"start":{"line":30,"column":4},"end":{"line":30,"column":38}},"12":{"start":{"line":32,"column":4},"end":{"line":32,"column":79}},"13":{"start":{"line":33,"column":4},"end":{"line":33,"column":69}}},"fnMap":{"0":{"name":"(anonymous_0)","decl":{"start":{"line":8,"column":41},"end":{"line":8,"column":42}},"loc":{"start":{"line":8,"column":61},"end":{"line":22,"column":1}},"line":8},"1":{"name":"(anonymous_1)","decl":{"start":{"line":27,"column":38},"end":{"line":27,"column":39}},"loc":{"start":{"line":27,"column":58},"end":{"line":35,"column":1}},"line":27}},"branchMap":{"0":{"loc":{"start":{"line":13,"column":4},"end":{"line":15,"column":5}},"type":"if","locations":[{"start":{"line":13,"column":4},"end":{"line":15,"column":5}},{"start":{},"end":{}}],"line":13}},"s":{"0":0,"1":0,"2":0,"3":0,"4":0,"5":0,"6":0,"7":0,"8":0,"9":0,"10":0,"11":0,"12":0,"13":0},"f":{"0":0,"1":0},"b":{"0":[0,0]}}
,"C:\\ASD\\COPIAS DE SEGURIDAD\\COPIA 6\\Git-Masters_V4_Completo\\backend\\src\\modules\\rules-points\\engine\\ruleEngine.js": {"path":"C:\\ASD\\COPIAS DE SEGURIDAD\\COPIA 6\\Git-Masters_V4_Completo\\backend\\src\\modules\\rules-points\\engine\\ruleEngine.js","statementMap":{"0":{"start":{"line":13,"column":35},"end":{"line":72,"column":1}},"1":{"start":{"line":14,"column":16},"end":{"line":14,"column":90}},"2":{"start":{"line":15,"column":2},"end":{"line":17,"column":3}},"3":{"start":{"line":16,"column":4},"end":{"line":16,"column":11}},"4":{"start":{"line":19,"column":2},"end":{"line":22,"column":5}},"5":{"start":{"line":24,"column":15},"end":{"line":24,"column":86}},"6":{"start":{"line":25,"column":2},"end":{"line":29,"column":3}},"7":{"start":{"line":26,"column":4},"end":{"line":26,"column":117}},"8":{"start":{"line":27,"column":4},"end":{"line":27,"column":77}},"9":{"start":{"line":28,"column":4},"end":{"line":28,"column":11}},"10":{"start":{"line":31,"column":2},"end":{"line":31,"column":111}},"11":{"start":{"line":33,"column":2},"end":{"line":71,"column":3}},"12":{"start":{"line":35,"column":4},"end":{"line":60,"column":5}},"13":{"start":{"line":37,"column":8},"end":{"line":37,"column":45}},"14":{"start":{"line":38,"column":8},"end":{"line":38,"column":45}},"15":{"start":{"line":39,"column":8},"end":{"line":39,"column":14}},"16":{"start":{"line":42,"column":8},"end":{"line":42,"column":50}},"17":{"start":{"line":43,"column":8},"end":{"line":43,"column":14}},"18":{"start":{"line":46,"column":8},"end":{"line":46,"column":45}},"19":{"start":{"line":47,"column":8},"end":{"line":47,"column":14}},"20":{"start":{"line":50,"column":8},"end":{"line":50,"column":45}},"21":{"start":{"line":51,"column":8},"end":{"line":51,"column":14}},"22":{"start":{"line":54,"column":8},"end":{"line":54,"column":45}},"23":{"start":{"line":55,"column":8},"end":{"line":55,"column":14}},"24":{"start":{"line":58,"column":8},"end":{"line":58,"column":50}},"25":{"start":{"line":59,"column":8},"end":{"line":59,"column":14}},"26":{"start":{"line":62,"column":4},"end":{"line":65,"column":7}},"27":{"start":{"line":66,"column":4},"end":{"line":66,"column":73}},"28":{"start":{"line":69,"column":4},"end":{"line":69,"column":80}},"29":{"start":{"line":70,"column":4},"end":{"line":70,"column":113}}},"fnMap":{"0":{"name":"(anonymous_0)","decl":{"start":{"line":13,"column":35},"end":{"line":13,"column":36}},"loc":{"start":{"line":13,"column":57},"end":{"line":72,"column":1}},"line":13}},"branchMap":{"0":{"loc":{"start":{"line":15,"column":2},"end":{"line":17,"column":3}},"type":"if","locations":[{"start":{"line":15,"column":2},"end":{"line":17,"column":3}},{"start":{},"end":{}}],"line":15},"1":{"loc":{"start":{"line":15,"column":6},"end":{"line":15,"column":50}},"type":"binary-expr","locations":[{"start":{"line":15,"column":6},"end":{"line":15,"column":12}},{"start":{"line":15,"column":16},"end":{"line":15,"column":50}}],"line":15},"2":{"loc":{"start":{"line":25,"column":2},"end":{"line":29,"column":3}},"type":"if","locations":[{"start":{"line":25,"column":2},"end":{"line":29,"column":3}},{"start":{},"end":{}}],"line":25},"3":{"loc":{"start":{"line":35,"column":4},"end":{"line":60,"column":5}},"type":"switch","locations":[{"start":{"line":36,"column":6},"end":{"line":39,"column":14}},{"start":{"line":41,"column":6},"end":{"line":43,"column":14}},{"start":{"line":45,"column":6},"end":{"line":47,"column":14}},{"start":{"line":49,"column":6},"end":{"line":51,"column":14}},{"start":{"line":53,"column":6},"end":{"line":55,"column":14}},{"start":{"line":57,"column":6},"end":{"line":59,"column":14}}],"line":35}},"s":{"0":1,"1":2,"2":2,"3":0,"4":2,"5":2,"6":2,"7":1,"8":1,"9":1,"10":1,"11":1,"12":1,"13":1,"14":1,"15":1,"16":0,"17":0,"18":0,"19":0,"20":0,"21":0,"22":0,"23":0,"24":0,"25":0,"26":1,"27":1,"28":0,"29":0},"f":{"0":2},"b":{"0":[0,2],"1":[2,2],"2":[1,1],"3":[1,0,0,0,0,0]},"_coverageSchema":"1a1c01bbd47fc00a2c39e90264f33305004495a9","hash":"5d1fa4adfdff6816aa5f5b84695fa66a93e34447"}
,"C:\\ASD\\COPIAS DE SEGURIDAD\\COPIA 6\\Git-Masters_V4_Completo\\backend\\src\\modules\\rules-points\\engine\\rules\\branch.rule.js": {"path":"C:\\ASD\\COPIAS DE SEGURIDAD\\COPIA 6\\Git-Masters_V4_Completo\\backend\\src\\modules\\rules-points\\engine\\rules\\branch.rule.js","statementMap":{"0":{"start":{"line":5,"column":32},"end":{"line":5,"column":68}},"1":{"start":{"line":6,"column":27},"end":{"line":6,"column":68}},"2":{"start":{"line":7,"column":24},"end":{"line":7,"column":47}},"3":{"start":{"line":8,"column":15},"end":{"line":12,"column":1}},"4":{"start":{"line":14,"column":29},"end":{"line":26,"column":1}},"5":{"start":{"line":15,"column":2},"end":{"line":15,"column":50}},"6":{"start":{"line":15,"column":43},"end":{"line":15,"column":50}},"7":{"start":{"line":16,"column":21},"end":{"line":16,"column":38}},"8":{"start":{"line":17,"column":2},"end":{"line":25,"column":3}},"9":{"start":{"line":18,"column":4},"end":{"line":24,"column":7}},"10":{"start":{"line":28,"column":34},"end":{"line":55,"column":1}},"11":{"start":{"line":29,"column":20},"end":{"line":29,"column":37}},"12":{"start":{"line":30,"column":2},"end":{"line":30,"column":54}},"13":{"start":{"line":30,"column":47},"end":{"line":30,"column":54}},"14":{"start":{"line":32,"column":21},"end":{"line":32,"column":57}},"15":{"start":{"line":34,"column":2},"end":{"line":44,"column":3}},"16":{"start":{"line":35,"column":4},"end":{"line":42,"column":7}},"17":{"start":{"line":43,"column":4},"end":{"line":43,"column":11}},"18":{"start":{"line":46,"column":2},"end":{"line":54,"column":3}},"19":{"start":{"line":47,"column":4},"end":{"line":53,"column":7}},"20":{"start":{"line":57,"column":33},"end":{"line":69,"column":1}},"21":{"start":{"line":58,"column":2},"end":{"line":68,"column":3}},"22":{"start":{"line":60,"column":6},"end":{"line":60,"column":46}},"23":{"start":{"line":61,"column":6},"end":{"line":61,"column":12}},"24":{"start":{"line":63,"column":6},"end":{"line":63,"column":51}},"25":{"start":{"line":64,"column":6},"end":{"line":64,"column":12}},"26":{"start":{"line":66,"column":6},"end":{"line":66,"column":115}},"27":{"start":{"line":67,"column":6},"end":{"line":67,"column":12}}},"fnMap":{"0":{"name":"(anonymous_0)","decl":{"start":{"line":14,"column":29},"end":{"line":14,"column":30}},"loc":{"start":{"line":14,"column":52},"end":{"line":26,"column":1}},"line":14},"1":{"name":"(anonymous_1)","decl":{"start":{"line":28,"column":34},"end":{"line":28,"column":35}},"loc":{"start":{"line":28,"column":57},"end":{"line":55,"column":1}},"line":28},"2":{"name":"(anonymous_2)","decl":{"start":{"line":57,"column":33},"end":{"line":57,"column":34}},"loc":{"start":{"line":57,"column":56},"end":{"line":69,"column":1}},"line":57}},"branchMap":{"0":{"loc":{"start":{"line":15,"column":2},"end":{"line":15,"column":50}},"type":"if","locations":[{"start":{"line":15,"column":2},"end":{"line":15,"column":50}},{"start":{},"end":{}}],"line":15},"1":{"loc":{"start":{"line":17,"column":2},"end":{"line":25,"column":3}},"type":"if","locations":[{"start":{"line":17,"column":2},"end":{"line":25,"column":3}},{"start":{},"end":{}}],"line":17},"2":{"loc":{"start":{"line":30,"column":2},"end":{"line":30,"column":54}},"type":"if","locations":[{"start":{"line":30,"column":2},"end":{"line":30,"column":54}},{"start":{},"end":{}}],"line":30},"3":{"loc":{"start":{"line":34,"column":2},"end":{"line":44,"column":3}},"type":"if","locations":[{"start":{"line":34,"column":2},"end":{"line":44,"column":3}},{"start":{},"end":{}}],"line":34},"4":{"loc":{"start":{"line":46,"column":2},"end":{"line":54,"column":3}},"type":"if","locations":[{"start":{"line":46,"column":2},"end":{"line":54,"column":3}},{"start":{},"end":{}}],"line":46},"5":{"loc":{"start":{"line":58,"column":2},"end":{"line":68,"column":3}},"type":"switch","locations":[{"start":{"line":59,"column":4},"end":{"line":61,"column":12}},{"start":{"line":62,"column":4},"end":{"line":64,"column":12}},{"start":{"line":65,"column":4},"end":{"line":67,"column":12}}],"line":58}},"s":{"0":1,"1":1,"2":1,"3":1,"4":1,"5":2,"6":0,"7":2,"8":2,"9":1,"10":1,"11":3,"12":3,"13":0,"14":3,"15":3,"16":1,"17":1,"18":2,"19":1,"20":1,"21":6,"22":2,"23":2,"24":3,"25":3,"26":1,"27":1},"f":{"0":2,"1":3,"2":6},"b":{"0":[0,2],"1":[1,1],"2":[0,3],"3":[1,2],"4":[1,1],"5":[2,3,1]},"_coverageSchema":"1a1c01bbd47fc00a2c39e90264f33305004495a9","hash":"a879dccdc546f6fdd05333aa8d9161a36d88c34c"}
,"C:\\ASD\\COPIAS DE SEGURIDAD\\COPIA 6\\Git-Masters_V4_Completo\\backend\\src\\modules\\rules-points\\engine\\rules\\commit.rule.js": {"path":"C:\\ASD\\COPIAS DE SEGURIDAD\\COPIA 6\\Git-Masters_V4_Completo\\backend\\src\\modules\\rules-points\\engine\\rules\\commit.rule.js","statementMap":{"0":{"start":{"line":7,"column":35},"end":{"line":7,"column":107}},"1":{"start":{"line":8,"column":15},"end":{"line":8,"column":73}},"2":{"start":{"line":9,"column":18},"end":{"line":9,"column":20}},"3":{"start":{"line":10,"column":30},"end":{"line":10,"column":31}},"4":{"start":{"line":18,"column":27},"end":{"line":36,"column":1}},"5":{"start":{"line":19,"column":19},"end":{"line":19,"column":79}},"6":{"start":{"line":20,"column":2},"end":{"line":20,"column":40}},"7":{"start":{"line":20,"column":33},"end":{"line":20,"column":40}},"8":{"start":{"line":21,"column":28},"end":{"line":21,"column":39}},"9":{"start":{"line":22,"column":31},"end":{"line":24,"column":4}},"10":{"start":{"line":25,"column":2},"end":{"line":25,"column":48}},"11":{"start":{"line":25,"column":41},"end":{"line":25,"column":48}},"12":{"start":{"line":26,"column":2},"end":{"line":35,"column":3}},"13":{"start":{"line":27,"column":4},"end":{"line":34,"column":7}},"14":{"start":{"line":43,"column":33},"end":{"line":160,"column":1}},"15":{"start":{"line":44,"column":2},"end":{"line":44,"column":90}},"16":{"start":{"line":47,"column":2},"end":{"line":47,"column":114}},"17":{"start":{"line":49,"column":21},"end":{"line":49,"column":49}},"18":{"start":{"line":50,"column":18},"end":{"line":60,"column":4}},"19":{"start":{"line":54,"column":23},"end":{"line":54,"column":33}},"20":{"start":{"line":55,"column":24},"end":{"line":55,"column":46}},"21":{"start":{"line":56,"column":29},"end":{"line":56,"column":44}},"22":{"start":{"line":57,"column":19},"end":{"line":57,"column":49}},"23":{"start":{"line":58,"column":4},"end":{"line":58,"column":151}},"24":{"start":{"line":59,"column":4},"end":{"line":59,"column":18}},"25":{"start":{"line":63,"column":2},"end":{"line":63,"column":85}},"26":{"start":{"line":64,"column":2},"end":{"line":68,"column":3}},"27":{"start":{"line":65,"column":4},"end":{"line":65,"column":90}},"28":{"start":{"line":66,"column":4},"end":{"line":66,"column":71}},"29":{"start":{"line":67,"column":4},"end":{"line":67,"column":11}},"30":{"start":{"line":70,"column":28},"end":{"line":73,"column":4}},"31":{"start":{"line":74,"column":27},"end":{"line":74,"column":61}},"32":{"start":{"line":75,"column":2},"end":{"line":75,"column":83}},"33":{"start":{"line":77,"column":2},"end":{"line":158,"column":3}},"34":{"start":{"line":78,"column":4},"end":{"line":78,"column":86}},"35":{"start":{"line":80,"column":4},"end":{"line":83,"column":5}},"36":{"start":{"line":81,"column":6},"end":{"line":81,"column":109}},"37":{"start":{"line":82,"column":6},"end":{"line":82,"column":15}},"38":{"start":{"line":84,"column":4},"end":{"line":87,"column":5}},"39":{"start":{"line":85,"column":6},"end":{"line":85,"column":45}},"40":{"start":{"line":86,"column":6},"end":{"line":86,"column":15}},"41":{"start":{"line":90,"column":4},"end":{"line":101,"column":5}},"42":{"start":{"line":91,"column":30},"end":{"line":91,"column":89}},"43":{"start":{"line":92,"column":8},"end":{"line":92,"column":90}},"44":{"start":{"line":93,"column":8},"end":{"line":99,"column":11}},"45":{"start":{"line":100,"column":8},"end":{"line":100,"column":44}},"46":{"start":{"line":104,"column":27},"end":{"line":104,"column":74}},"47":{"start":{"line":105,"column":4},"end":{"line":105,"column":108}},"48":{"start":{"line":106,"column":4},"end":{"line":117,"column":5}},"49":{"start":{"line":107,"column":28},"end":{"line":107,"column":95}},"50":{"start":{"line":108,"column":6},"end":{"line":108,"column":104}},"51":{"start":{"line":109,"column":6},"end":{"line":115,"column":9}},"52":{"start":{"line":116,"column":6},"end":{"line":116,"column":42}},"53":{"start":{"line":120,"column":4},"end":{"line":136,"column":5}},"54":{"start":{"line":121,"column":27},"end":{"line":121,"column":87}},"55":{"start":{"line":122,"column":29},"end":{"line":122,"column":94}},"56":{"start":{"line":123,"column":6},"end":{"line":123,"column":126}},"57":{"start":{"line":124,"column":6},"end":{"line":135,"column":7}},"58":{"start":{"line":125,"column":30},"end":{"line":125,"column":86}},"59":{"start":{"line":126,"column":8},"end":{"line":126,"column":108}},"60":{"start":{"line":127,"column":8},"end":{"line":133,"column":11}},"61":{"start":{"line":134,"column":8},"end":{"line":134,"column":44}},"62":{"start":{"line":139,"column":25},"end":{"line":139,"column":57}},"63":{"start":{"line":140,"column":4},"end":{"line":140,"column":69}},"64":{"start":{"line":141,"column":4},"end":{"line":152,"column":5}},"65":{"start":{"line":142,"column":28},"end":{"line":142,"column":90}},"66":{"start":{"line":143,"column":7},"end":{"line":143,"column":102}},"67":{"start":{"line":144,"column":7},"end":{"line":150,"column":11}},"68":{"start":{"line":151,"column":8},"end":{"line":151,"column":44}},"69":{"start":{"line":154,"column":4},"end":{"line":157,"column":5}},"70":{"start":{"line":155,"column":6},"end":{"line":155,"column":88}},"71":{"start":{"line":156,"column":6},"end":{"line":156,"column":12}},"72":{"start":{"line":159,"column":2},"end":{"line":159,"column":69}}},"fnMap":{"0":{"name":"(anonymous_0)","decl":{"start":{"line":18,"column":27},"end":{"line":18,"column":28}},"loc":{"start":{"line":18,"column":51},"end":{"line":36,"column":1}},"line":18},"1":{"name":"(anonymous_1)","decl":{"start":{"line":43,"column":33},"end":{"line":43,"column":34}},"loc":{"start":{"line":43,"column":56},"end":{"line":160,"column":1}},"line":43},"2":{"name":"(anonymous_2)","decl":{"start":{"line":50,"column":36},"end":{"line":50,"column":37}},"loc":{"start":{"line":50,"column":41},"end":{"line":60,"column":3}},"line":50}},"branchMap":{"0":{"loc":{"start":{"line":20,"column":2},"end":{"line":20,"column":40}},"type":"if","locations":[{"start":{"line":20,"column":2},"end":{"line":20,"column":40}},{"start":{},"end":{}}],"line":20},"1":{"loc":{"start":{"line":20,"column":6},"end":{"line":20,"column":31}},"type":"binary-expr","locations":[{"start":{"line":20,"column":6},"end":{"line":20,"column":15}},{"start":{"line":20,"column":19},"end":{"line":20,"column":31}}],"line":20},"2":{"loc":{"start":{"line":25,"column":2},"end":{"line":25,"column":48}},"type":"if","locations":[{"start":{"line":25,"column":2},"end":{"line":25,"column":48}},{"start":{},"end":{}}],"line":25},"3":{"loc":{"start":{"line":49,"column":21},"end":{"line":49,"column":49}},"type":"binary-expr","locations":[{"start":{"line":49,"column":21},"end":{"line":49,"column":43}},{"start":{"line":49,"column":47},"end":{"line":49,"column":49}}],"line":49},"4":{"loc":{"start":{"line":55,"column":24},"end":{"line":55,"column":46}},"type":"binary-expr","locations":[{"start":{"line":55,"column":24},"end":{"line":55,"column":41}},{"start":{"line":55,"column":45},"end":{"line":55,"column":46}}],"line":55},"5":{"loc":{"start":{"line":57,"column":19},"end":{"line":57,"column":49}},"type":"binary-expr","locations":[{"start":{"line":57,"column":19},"end":{"line":57,"column":29}},{"start":{"line":57,"column":33},"end":{"line":57,"column":49}}],"line":57},"6":{"loc":{"start":{"line":64,"column":2},"end":{"line":68,"column":3}},"type":"if","locations":[{"start":{"line":64,"column":2},"end":{"line":68,"column":3}},{"start":{},"end":{}}],"line":64},"7":{"loc":{"start":{"line":74,"column":27},"end":{"line":74,"column":61}},"type":"binary-expr","locations":[{"start":{"line":74,"column":27},"end":{"line":74,"column":56}},{"start":{"line":74,"column":60},"end":{"line":74,"column":61}}],"line":74},"8":{"loc":{"start":{"line":80,"column":4},"end":{"line":83,"column":5}},"type":"if","locations":[{"start":{"line":80,"column":4},"end":{"line":83,"column":5}},{"start":{},"end":{}}],"line":80},"9":{"loc":{"start":{"line":84,"column":4},"end":{"line":87,"column":5}},"type":"if","locations":[{"start":{"line":84,"column":4},"end":{"line":87,"column":5}},{"start":{},"end":{}}],"line":84},"10":{"loc":{"start":{"line":90,"column":4},"end":{"line":101,"column":5}},"type":"if","locations":[{"start":{"line":90,"column":4},"end":{"line":101,"column":5}},{"start":{},"end":{}}],"line":90},"11":{"loc":{"start":{"line":106,"column":4},"end":{"line":117,"column":5}},"type":"if","locations":[{"start":{"line":106,"column":4},"end":{"line":117,"column":5}},{"start":{},"end":{}}],"line":106},"12":{"loc":{"start":{"line":106,"column":8},"end":{"line":106,"column":56}},"type":"binary-expr","locations":[{"start":{"line":106,"column":8},"end":{"line":106,"column":22}},{"start":{"line":106,"column":26},"end":{"line":106,"column":56}}],"line":106},"13":{"loc":{"start":{"line":120,"column":4},"end":{"line":136,"column":5}},"type":"if","locations":[{"start":{"line":120,"column":4},"end":{"line":136,"column":5}},{"start":{},"end":{}}],"line":120},"14":{"loc":{"start":{"line":121,"column":28},"end":{"line":121,"column":53}},"type":"binary-expr","locations":[{"start":{"line":121,"column":28},"end":{"line":121,"column":48}},{"start":{"line":121,"column":52},"end":{"line":121,"column":53}}],"line":121},"15":{"loc":{"start":{"line":121,"column":58},"end":{"line":121,"column":86}},"type":"binary-expr","locations":[{"start":{"line":121,"column":58},"end":{"line":121,"column":81}},{"start":{"line":121,"column":85},"end":{"line":121,"column":86}}],"line":121},"16":{"loc":{"start":{"line":124,"column":6},"end":{"line":135,"column":7}},"type":"if","locations":[{"start":{"line":124,"column":6},"end":{"line":135,"column":7}},{"start":{},"end":{}}],"line":124},"17":{"loc":{"start":{"line":141,"column":4},"end":{"line":152,"column":5}},"type":"if","locations":[{"start":{"line":141,"column":4},"end":{"line":152,"column":5}},{"start":{},"end":{}}],"line":141},"18":{"loc":{"start":{"line"
[...]
,"C:\\ASD\\COPIAS DE SEGURIDAD\\COPIA 6\\Git-Masters_V4_Completo\\backend\\src\\modules\\webhooks\\routes\\webhook.routes.js": {"path":"C:\\ASD\\COPIAS DE SEGURIDAD\\COPIA 6\\Git-Masters_V4_Completo\\backend\\src\\modules\\webhooks\\routes\\webhook.routes.js","statementMap":{"0":{"start":{"line":7,"column":15},"end":{"line":7,"column":31}},"1":{"start":{"line":13,"column":0},"end":{"line":13,"column":67}}},"fnMap":{},"branchMap":{},"s":{"0":1,"1":1},"f":{},"b":{},"_coverageSchema":"1a1c01bbd47fc00a2c39e90264f33305004495a9","hash":"1ece0a62411ea8b2de9591a7da130ce8e02ec966"}
,"C:\\ASD\\COPIAS DE SEGURIDAD\\COPIA 6\\Git-Masters_V4_Completo\\backend\\src\\modules\\webhooks\\service\\webhook.service.js": {"path":"C:\\ASD\\COPIAS DE SEGURIDAD\\COPIA 6\\Git-Masters_V4_Completo\\backend\\src\\modules\\webhooks\\service\\webhook.service.js","statementMap":{"0":{"start":{"line":4,"column":34},"end":{"line":63,"column":1}},"1":{"start":{"line":6,"column":2},"end":{"line":9,"column":3}},"2":{"start":{"line":7,"column":4},"end":{"line":7,"column":78}},"3":{"start":{"line":8,"column":4},"end":{"line":8,"column":11}},"4":{"start":{"line":12,"column":22},"end":{"line":12,"column":75}},"5":{"start":{"line":13,"column":15},"end":{"line":15,"column":4}},"6":{"start":{"line":18,"column":2},"end":{"line":21,"column":3}},"7":{"start":{"line":19,"column":4},"end":{"line":19,"column":96}},"8":{"start":{"line":20,"column":4},"end":{"line":20,"column":11}},"9":{"start":{"line":24,"column":17},"end":{"line":31,"column":3}},"10":{"start":{"line":34,"column":2},"end":{"line":62,"column":3}},"11":{"start":{"line":35,"column":23},"end":{"line":35,"column":72}},"12":{"start":{"line":36,"column":4},"end":{"line":36,"column":89}},"13":{"start":{"line":38,"column":4},"end":{"line":44,"column":7}},"14":{"start":{"line":45,"column":4},"end":{"line":45,"column":80}},"15":{"start":{"line":48,"column":4},"end":{"line":50,"column":7}},"16":{"start":{"line":49,"column":6},"end":{"line":49,"column":77}},"17":{"start":{"line":56,"column":4},"end":{"line":59,"column":5}},"18":{"start":{"line":57,"column":6},"end":{"line":57,"column":82}},"19":{"start":{"line":58,"column":6},"end":{"line":58,"column":13}},"20":{"start":{"line":61,"column":4},"end":{"line":61,"column":14}}},"fnMap":{"0":{"name":"(anonymous_0)","decl":{"start":{"line":4,"column":34},"end":{"line":4,"column":35}},"loc":{"start":{"line":4,"column":76},"end":{"line":63,"column":1}},"line":4},"1":{"name":"(anonymous_1)","decl":{"start":{"line":48,"column":53},"end":{"line":48,"column":54}},"loc":{"start":{"line":48,"column":60},"end":{"line":50,"column":5}},"line":48}},"branchMap":{"0":{"loc":{"start":{"line":6,"column":2},"end":{"line":9,"column":3}},"type":"if","locations":[{"start":{"line":6,"column":2},"end":{"line":9,"column":3}},{"start":{},"end":{}}],"line":6},"1":{"loc":{"start":{"line":12,"column":22},"end":{"line":12,"column":75}},"type":"binary-expr","locations":[{"start":{"line":12,"column":22},"end":{"line":12,"column":43}},{"start":{"line":12,"column":47},"end":{"line":12,"column":67}},{"start":{"line":12,"column":71},"end":{"line":12,"column":75}}],"line":12},"2":{"loc":{"start":{"line":18,"column":2},"end":{"line":21,"column":3}},"type":"if","locations":[{"start":{"line":18,"column":2},"end":{"line":21,"column":3}},{"start":{},"end":{}}],"line":18},"3":{"loc":{"start":{"line":27,"column":12},"end":{"line":27,"column":34}},"type":"binary-expr","locations":[{"start":{"line":27,"column":12},"end":{"line":27,"column":26}},{"start":{"line":27,"column":30},"end":{"line":27,"column":34}}],"line":27},"4":{"loc":{"start":{"line":28,"column":18},"end":{"line":28,"column":55}},"type":"binary-expr","locations":[{"start":{"line":28,"column":18},"end":{"line":28,"column":47}},{"start":{"line":28,"column":51},"end":{"line":28,"column":55}}],"line":28},"5":{"loc":{"start":{"line":56,"column":4},"end":{"line":59,"column":5}},"type":"if","locations":[{"start":{"line":56,"column":4},"end":{"line":59,"column":5}},{"start":{},"end":{}}],"line":56},"6":{"loc":{"start":{"line":56,"column":8},"end":{"line":56,"column":72}},"type":"binary-expr","locations":[{"start":{"line":56,"column":8},"end":{"line":56,"column":28}},{"start":{"line":56,"column":32},"end":{"line":56,"column":72}}],"line":56}},"s":{"0":1,"1":6,"2":1,"3":1,"4":5,"5":5,"6":5,"7":1,"8":1,"9":4,"10":4,"11":4,"12":2,"13":2,"14":2,"15":2,"16":0,"17":2,"18":1,"19":1,"20":1},"f":{"0":6,"1":0},"b":{"0":[1,5],"1":[5,5,2],"2":[1,4],"3":[4,3],"4":[4,2],"5":[1,1],"6":[2,1]},"_coverageSchema":"1a1c01bbd47fc00a2c39e90264f33305004495a9","hash":"1c5332f7d7adabb299862c4fbedcc6a4223ef9a1"}
,"C:\\ASD\\COPIAS DE SEGURIDAD\\COPIA 6\\Git-Masters_V4_Completo\\backend\\src\\shared\\middlewares\\auth.middleware.js": {"path":"C:\\ASD\\COPIAS DE SEGURIDAD\\COPIA 6\\Git-Masters_V4_Completo\\backend\\src\\shared\\middlewares\\auth.middleware.js","statementMap":{"0":{"start":{"line":11,"column":16},"end":{"line":11,"column":33}},"1":{"start":{"line":13,"column":2},"end":{"line":15,"column":3}},"2":{"start":{"line":14,"column":4},"end":{"line":14,"column":79}},"3":{"start":{"line":17,"column":2},"end":{"line":23,"column":3}},"4":{"start":{"line":18,"column":20},"end":{"line":18,"column":61}},"5":{"start":{"line":19,"column":4},"end":{"line":19,"column":23}},"6":{"start":{"line":20,"column":4},"end":{"line":20,"column":11}},"7":{"start":{"line":22,"column":4},"end":{"line":22,"column":75}}},"fnMap":{"0":{"name":"requireAuth","decl":{"start":{"line":10,"column":9},"end":{"line":10,"column":20}},"loc":{"start":{"line":10,"column":37},"end":{"line":24,"column":1}},"line":10}},"branchMap":{"0":{"loc":{"start":{"line":13,"column":2},"end":{"line":15,"column":3}},"type":"if","locations":[{"start":{"line":13,"column":2},"end":{"line":15,"column":3}},{"start":{},"end":{}}],"line":13}},"s":{"0":0,"1":0,"2":0,"3":0,"4":0,"5":0,"6":0,"7":0},"f":{"0":0},"b":{"0":[0,0]},"_coverageSchema":"1a1c01bbd47fc00a2c39e90264f33305004495a9","hash":"b97b97f4580a757a2886aa897ae9ea7581cfd50e"}
,"C:\\ASD\\COPIAS DE SEGURIDAD\\COPIA 6\\Git-Masters_V4_Completo\\backend\\src\\shared\\middlewares\\error.middleware.js": {"path":"C:\\ASD\\COPIAS DE SEGURIDAD\\COPIA 6\\Git-Masters_V4_Completo\\backend\\src\\shared\\middlewares\\error.middleware.js","statementMap":{},"fnMap":{},"branchMap":{},"s":{},"f":{},"b":{}}
,"C:\\ASD\\COPIAS DE SEGURIDAD\\COPIA 6\\Git-Masters_V4_Completo\\backend\\src\\shared\\middlewares\\githubWebhookVerifier.js": {"path":"C:\\ASD\\COPIAS DE SEGURIDAD\\COPIA 6\\Git-Masters_V4_Completo\\backend\\src\\shared\\middlewares\\githubWebhookVerifier.js","statementMap":{"0":{"start":{"line":4,"column":30},"end":{"line":32,"column":1}},"1":{"start":{"line":6,"column":2},"end":{"line":8,"column":3}},"2":{"start":{"line":7,"column":4},"end":{"line":7,"column":86}},"3":{"start":{"line":10,"column":17},"end":{"line":10,"column":50}},"4":{"start":{"line":11,"column":2},"end":{"line":14,"column":3}},"5":{"start":{"line":12,"column":4},"end":{"line":12,"column":75}},"6":{"start":{"line":13,"column":4},"end":{"line":13,"column":63}},"7":{"start":{"line":16,"column":20},"end":{"line":16,"column":54}},"8":{"start":{"line":17,"column":2},"end":{"line":19,"column":3}},"9":{"start":{"line":18,"column":4},"end":{"line":18,"column":72}},"10":{"start":{"line":21,"column":15},"end":{"line":21,"column":93}},"11":{"start":{"line":24,"column":2},"end":{"line":27,"column":3}},"12":{"start":{"line":25,"column":4},"end":{"line":25,"column":77}},"13":{"start":{"line":26,"column":4},"end":{"line":26,"column":68}},"14":{"start":{"line":30,"column":2},"end":{"line":30,"column":45}},"15":{"start":{"line":31,"column":2},"end":{"line":31,"column":9}}},"fnMap":{"0":{"name":"(anonymous_0)","decl":{"start":{"line":4,"column":30},"end":{"line":4,"column":31}},"loc":{"start":{"line":4,"column":50},"end":{"line":32,"column":1}},"line":4}},"branchMap":{"0":{"loc":{"start":{"line":6,"column":2},"end":{"line":8,"column":3}},"type":"if","locations":[{"start":{"line":6,"column":2},"end":{"line":8,"column":3}},{"start":{},"end":{}}],"line":6},"1":{"loc":{"start":{"line":6,"column":6},"end":{"line":6,"column":40}},"type":"binary-expr","locations":[{"start":{"line":6,"column":6},"end":{"line":6,"column":15}},{"start":{"line":6,"column":19},"end":{"line":6,"column":40}}],"line":6},"2":{"loc":{"start":{"line":11,"column":2},"end":{"line":14,"column":3}},"type":"if","locations":[{"start":{"line":11,"column":2},"end":{"line":14,"column":3}},{"start":{},"end":{}}],"line":11},"3":{"loc":{"start":{"line":17,"column":2},"end":{"line":19,"column":3}},"type":"if","locations":[{"start":{"line":17,"column":2},"end":{"line":19,"column":3}},{"start":{},"end":{}}],"line":17},"4":{"loc":{"start":{"line":24,"column":2},"end":{"line":27,"column":3}},"type":"if","locations":[{"start":{"line":24,"column":2},"end":{"line":27,"column":3}},{"start":{},"end":{}}],"line":24}},"s":{"0":0,"1":0,"2":0,"3":0,"4":0,"5":0,"6":0,"7":0,"8":0,"9":0,"10":0,"11":0,"12":0,"13":0,"14":0,"15":0},"f":{"0":0},"b":{"0":[0,0],"1":[0,0],"2":[0,0],"3":[0,0],"4":[0,0]}}
,"C:\\ASD\\COPIAS DE SEGURIDAD\\COPIA 6\\Git-Masters_V4_Completo\\backend\\src\\shared\\middlewares\\requestLogger.js": {"path":"C:\\ASD\\COPIAS DE SEGURIDAD\\COPIA 6\\Git-Masters_V4_Completo\\backend\\src\\shared\\middlewares\\requestLogger.js","statementMap":{"0":{"start":{"line":2,"column":16},"end":{"line":2,"column":26}},"1":{"start":{"line":3,"column":19},"end":{"line":3,"column":51}},"2":{"start":{"line":4,"column":16},"end":{"line":4,"column":45}},"3":{"start":{"line":6,"column":2},"end":{"line":13,"column":5}},"4":{"start":{"line":7,"column":15},"end":{"line":7,"column":33}},"5":{"start":{"line":8,"column":20},"end":{"line":8,"column":110}},"6":{"start":{"line":9,"column":25},"end":{"line":9,"column":64}},"7":{"start":{"line":10,"column":22},"end":{"line":10,"column":52}},"8":{"start":{"line":12,"column":4},"end":{"line":12,"column":58}},"9":{"start":{"line":15,"column":2},"end":{"line":15,"column":9}}},"fnMap":{"0":{"name":"requestLogger","decl":{"start":{"line":1,"column":9},"end":{"line":1,"column":22}},"loc":{"start":{"line":1,"column":39},"end":{"line":16,"column":1}},"line":1},"1":{"name":"(anonymous_1)","decl":{"start":{"line":6,"column":19},"end":{"line":6,"column":20}},"loc":{"start":{"line":6,"column":25},"end":{"line":13,"column":3}},"line":6}},"branchMap":{"0":{"loc":{"start":{"line":9,"column":25},"end":{"line":9,"column":64}},"type":"cond-expr","locations":[{"start":{"line":9,"column":36},"end":{"line":9,"column":59}},{"start":{"line":9,"column":62},"end":{"line":9,"column":64}}],"line":9},"1":{"loc":{"start":{"line":10,"column":22},"end":{"line":10,"column":52}},"type":"cond-expr","locations":[{"start":{"line":10,"column":30},"end":{"line":10,"column":47}},{"start":{"line":10,"column":50},"end":{"line":10,"column":52}}],"line":10}},"s":{"0":0,"1":0,"2":0,"3":0,"4":0,"5":0,"6":0,"7":0,"8":0,"9":0},"f":{"0":0,"1":0},"b":{"0":[0,0],"1":[0,0]}}
,"C:\\ASD\\COPIAS DE SEGURIDAD\\COPIA 6\\Git-Masters_V4_Completo\\backend\\src\\shared\\persistence\\eventStore.js": {"path":"C:\\ASD\\COPIAS DE SEGURIDAD\\COPIA 6\\Git-Masters_V4_Completo\\backend\\src\\shared\\persistence\\eventStore.js","statementMap":{"0":{"start":{"line":6,"column":4},"end":{"line":6,"column":29}},"1":{"start":{"line":7,"column":4},"end":{"line":7,"column":31}},"2":{"start":{"line":11,"column":4},"end":{"line":23,"column":5}},"3":{"start":{"line":15,"column":26},"end":{"line":15,"column":65}},"4":{"start":{"line":16,"column":6},"end":{"line":16,"column":37}},"5":{"start":{"line":19,"column":6},"end":{"line":21,"column":7}},"6":{"start":{"line":20,"column":8},"end":{"line":20,"column":18}},"7":{"start":{"line":22,"column":6},"end":{"line":22,"column":18}},"8":{"start":{"line":27,"column":16},"end":{"line":27,"column":43}},"9":{"start":{"line":28,"column":4},"end":{"line":30,"column":5}},"10":{"start":{"line":29,"column":6},"end":{"line":29,"column":45}},"11":{"start":{"line":31,"column":4},"end":{"line":31,"column":74}},"12":{"start":{"line":35,"column":4},"end":{"line":35,"column":28}},"13":{"start":{"line":36,"column":4},"end":{"line":36,"column":17}},"14":{"start":{"line":37,"column":4},"end":{"line":37,"column":17}},"15":{"start":{"line":41,"column":4},"end":{"line":41,"column":54}},"16":{"start":{"line":41,"column":37},"end":{"line":41,"column":52}},"17":{"start":{"line":46,"column":18},"end":{"line":46,"column":34}},"18":{"start":{"line":48,"column":4},"end":{"line":50,"column":5}},"19":{"start":{"line":49,"column":6},"end":{"line":49,"column":70}},"20":{"start":{"line":49,"column":40},"end":{"line":49,"column":68}},"21":{"start":{"line":51,"column":4},"end":{"line":53,"column":5}},"22":{"start":{"line":52,"column":6},"end":{"line":52,"column":70}},"23":{"start":{"line":52,"column":40},"end":{"line":52,"column":68}},"24":{"start":{"line":54,"column":4},"end":{"line":56,"column":5}},"25":{"start":{"line":55,"column":6},"end":{"line":55,"column":70}},"26":{"start":{"line":55,"column":40},"end":{"line":55,"column":68}},"27":{"start":{"line":59,"column":4},"end":{"line":59,"column":74}},"28":{"start":{"line":59,"column":27},"end":{"line":59,"column":72}},"29":{"start":{"line":61,"column":4},"end":{"line":61,"column":19}}},"fnMap":{"0":{"name":"(anonymous_0)","decl":{"start":{"line":5,"column":2},"end":{"line":5,"column":3}},"loc":{"start":{"line":5,"column":75},"end":{"line":8,"column":3}},"line":5},"1":{"name":"(anonymous_1)","decl":{"start":{"line":10,"column":2},"end":{"line":10,"column":3}},"loc":{"start":{"line":10,"column":10},"end":{"line":24,"column":3}},"line":10},"2":{"name":"(anonymous_2)","decl":{"start":{"line":26,"column":2},"end":{"line":26,"column":3}},"loc":{"start":{"line":26,"column":10},"end":{"line":32,"column":3}},"line":26},"3":{"name":"(anonymous_3)","decl":{"start":{"line":34,"column":2},"end":{"line":34,"column":3}},"loc":{"start":{"line":34,"column":13},"end":{"line":38,"column":3}},"line":34},"4":{"name":"(anonymous_4)","decl":{"start":{"line":40,"column":2},"end":{"line":40,"column":3}},"loc":{"start":{"line":40,"column":15},"end":{"line":42,"column":3}},"line":40},"5":{"name":"(anonymous_5)","decl":{"start":{"line":41,"column":28},"end":{"line":41,"column":29}},"loc":{"start":{"line":41,"column":37},"end":{"line":41,"column":52}},"line":41},"6":{"name":"(anonymous_6)","decl":{"start":{"line":44,"column":2},"end":{"line":44,"column":3}},"loc":{"start":{"line":44,"column":19},"end":{"line":62,"column":3}},"line":44},"7":{"name":"(anonymous_7)","decl":{"start":{"line":49,"column":31},"end":{"line":49,"column":32}},"loc":{"start":{"line":49,"column":40},"end":{"line":49,"column":68}},"line":49},"8":{"name":"(anonymous_8)","decl":{"start":{"line":52,"column":31},"end":{"line":52,"column":32}},"loc":{"start":{"line":52,"column":40},"end":{"line":52,"column":68}},"line":52},"9":{"name":"(anonymous_9)","decl":{"start":{"line":55,"column":31},"end":{"line":55,"column":32}},"loc":{"start":{"line":55,"column":40},"end":{"line":55,"column":68}},"line":55},"10":{"name":"(anonymous_10)","decl":{"start":{"line":59,"column":17},"end":{"line":59,"column":18}},"loc":{"start":{"line":59,"column":27},"end":{"line":59,"column":72}},"line":59}},"branchMap":{"0":{"loc":{"start":{"line":5,"column":14},"end":{"line":5,"column":73}},"type":"default-arg","locations":[{"start":{"line":5,"column":25},"end":{"line":5,"column":73}}],"line":5},"1":{"loc":{"start":{"line":19,"column":6},"end":{"line":21,"column":7}},"type":"if","locations":[{"start":{"line":19,"column":6},"end":{"line":21,"column":7}},{"start":{},"end":{}}],"line":19},"2":{"loc":{"start":{"line":28,"column":4},"end":{"line":30,"column":5}},"type":"if","locations":[{"start":{"line":28,"column":4},"end":{"line":30,"column":5}},{"start":{},"end":{}}],"line":28},"3":{"loc":{"start":{"line":48,"column":4},"end":{"line":50,"column":5}},"type":"if","locations":[{"start":{"line":48,"column":4},"end":{"line":50,"column":5}},{"start":{},"end":{}}],"line":48},"4":{"loc":{"start":{"line":51,"column":4},"end":{"line":53,"column":5}},"type":"if","locations":[{"start":{"line":51,"column":4},"end":{"line":53,"column":5}},{"start":{},"end":{}}],"line":51},"5":{"loc":{"start":{"line":54,"column":4},"end":{"line":56,"column":5}},"type":"if","locations":[{"start":{"line":54,"column":4},"end":{"line":56,"column":5}},{"start":{},"end":{}}],"line":54}},"s":{"0":0,"1":0,"2":0,"3":0,"4":0,"5":0,"6":0,"7":0,"8":0,"9":0,"10":0,"11":0,"12":0,"13":0,"14":0,"15":0,"16":0,"17":0,"18":0,"19":0,"20":0,"21":0,"22":0,"23":0,"24":0,"25":0,"26":0,"27":0,"28":0,"29":0},"f":{"0":0,"1":0,"2":0,"3":0,"4":0,"5":0,"6":0,"7":0,"8":0,"9":0,"10":0},"b":{"0":[0],"1":[0,0],"2":[0,0],"3":[0,0],"4":[0,0],"5":[0,0]}}
,"C:\\ASD\\COPIAS DE SEGURIDAD\\COPIA 6\\Git-Masters_V4_Completo\\backend\\src\\shared\\utils\\hash.js": {"path":"C:\\ASD\\COPIAS DE SEGURIDAD\\COPIA 6\\Git-Masters_V4_Completo\\backend\\src\\shared\\utils\\hash.js","statementMap":{},"fnMap":{},"branchMap":{},"s":{},"f":{},"b":{}}
,"C:\\ASD\\COPIAS DE SEGURIDAD\\COPIA 6\\Git-Masters_V4_Completo\\backend\\src\\shared\\utils\\logger.js": {"path":"C:\\ASD\\COPIAS DE SEGURIDAD\\COPIA 6\\Git-Masters_V4_Completo\\backend\\src\\shared\\utils\\logger.js","statementMap":{},"fnMap":{},"branchMap":{},"s":{},"f":{},"b":{}}
,"C:\\ASD\\COPIAS DE SEGURIDAD\\COPIA 6\\Git-Masters_V4_Completo\\backend\\src\\shared\\utils\\rewardUtils.js": {"path":"C:\\ASD\\COPIAS DE SEGURIDAD\\COPIA 6\\Git-Masters_V4_Completo\\backend\\src\\shared\\utils\\rewardUtils.js","statementMap":{"0":{"start":{"line":3,"column":28},"end":{"line":12,"column":1}},"1":{"start":{"line":4,"column":2},"end":{"line":11,"column":5}},"2":{"start":{"line":14,"column":27},"end":{"line":24,"column":1}},"3":{"start":{"line":15,"column":16},"end":{"line":15,"column":76}},"4":{"start":{"line":16,"column":2},"end":{"line":16,"column":21}},"5":{"start":{"line":16,"column":14},"end":{"line":16,"column":21}},"6":{"start":{"line":18,"column":2},"end":{"line":23,"column":5}}},"fnMap":{"0":{"name":"(anonymous_0)","decl":{"start":{"line":3,"column":28},"end":{"line":3,"column":29}},"loc":{"start":{"line":3,"column":54},"end":{"line":12,"column":1}},"line":3},"1":{"name":"(anonymous_1)","decl":{"start":{"line":14,"column":27},"end":{"line":14,"column":28}},"loc":{"start":{"line":14,"column":56},"end":{"line":24,"column":1}},"line":14}},"branchMap":{"0":{"loc":{"start":{"line":16,"column":2},"end":{"line":16,"column":21}},"type":"if","locations":[{"start":{"line":16,"column":2},"end":{"line":16,"column":21}},{"start":{},"end":{}}],"line":16}},"s":{"0":0,"1":0,"2":0,"3":0,"4":0,"5":0,"6":0},"f":{"0":0,"1":0},"b":{"0":[0,0]}}
,"C:\\ASD\\COPIAS DE SEGURIDAD\\COPIA 6\\Git-Masters_V4_Completo\\backend\\src\\shared\\validators\\common.validator.js": {"path":"C:\\ASD\\COPIAS DE SEGURIDAD\\COPIA 6\\Git-Masters_V4_Completo\\backend\\src\\shared\\validators\\common.validator.js","statementMap":{},"fnMap":{},"branchMap":{},"s":{},"f":{},"b":{}}
}
