TN:
SF:src\app.js
FNF:0
FNH:0
DA:11,0
DA:14,0
DA:19,0
DA:20,0
DA:21,0
DA:23,0
LF:6
LH:0
BRF:0
BRH:0
end_of_record
TN:
SF:src\database\prisma.js
FNF:0
FNH:0
LF:0
LH:0
BRF:0
BRH:0
end_of_record
TN:
SF:src\docs\spec.js
FNF:0
FNH:0
DA:3,0
DA:4,0
DA:5,0
DA:6,0
DA:7,0
DA:8,0
DA:9,0
DA:12,0
DA:13,0
DA:14,0
DA:17,0
LF:11
LH:0
BRF:0
BRH:0
end_of_record
TN:
SF:src\docs\swagger.js
FNF:0
FNH:0
DA:3,0
DA:53,0
LF:2
LH:0
BRF:0
BRH:0
end_of_record
TN:
SF:src\modules\auth\auth.docs.js
FNF:0
FNH:0
LF:0
LH:0
BRF:0
BRH:0
end_of_record
TN:
SF:src\modules\auth\controller\auth.controller.js
FN:12,(anonymous_0)
FN:13,(anonymous_1)
FN:26,(anonymous_2)
FN:52,(anonymous_3)
FNF:4
FNH:4
FNDA:2,(anonymous_0)
FNDA:2,(anonymous_1)
FNDA:2,(anonymous_2)
FNDA:1,(anonymous_3)
DA:9,1
DA:12,1
DA:13,2
DA:14,2
DA:15,1
DA:19,1
DA:21,1
DA:26,1
DA:27,2
DA:28,1
DA:31,1
DA:33,1
DA:35,1
DA:36,0
DA:39,1
DA:44,1
DA:46,0
DA:47,0
DA:52,1
DA:54,1
LF:20
LH:17
BRDA:14,0,0,1
BRDA:14,0,1,1
BRDA:14,1,0,2
BRDA:14,1,1,1
BRDA:27,2,0,1
BRDA:27,2,1,1
BRDA:35,3,0,0
BRDA:35,3,1,1
BRF:8
BRH:7
end_of_record
TN:
SF:src\modules\auth\routes\auth.routes.js
FN:28,(anonymous_0)
FNF:1
FNH:0
FNDA:0,(anonymous_0)
DA:2,1
DA:12,1
DA:16,1
DA:22,1
DA:25,1
DA:28,1
DA:29,0
LF:7
LH:6
BRF:0
BRH:0
end_of_record
TN:
SF:src\modules\auth\service\auth.service.js
FN:8,(anonymous_0)
FN:21,(anonymous_1)
FN:39,(anonymous_2)
FN:54,(anonymous_3)
FN:55,(anonymous_4)
FN:61,(anonymous_5)
FNF:6
FNH:6
FNDA:1,(anonymous_0)
FNDA:2,(anonymous_1)
FNDA:1,(anonymous_2)
FNDA:2,(anonymous_3)
FNDA:2,(anonymous_4)
FNDA:2,(anonymous_5)
DA:5,1
DA:8,1
DA:9,1
DA:11,1
DA:21,1
DA:22,2
DA:35,2
DA:36,1
DA:39,1
DA:44,1
DA:50,1
DA:54,1
DA:55,2
DA:56,2
DA:57,0
DA:58,0
DA:61,2
DA:62,2
DA:63,1
DA:64,1
DA:67,1
DA:71,1
LF:22
LH:20
BRDA:35,0,0,1
BRDA:35,0,1,1
BRDA:45,1,0,1
BRDA:45,1,1,0
BRDA:46,2,0,1
BRDA:46,2,1,0
BRDA:56,3,0,0
BRDA:56,3,1,2
BRDA:62,4,0,1
BRDA:62,4,1,1
BRF:10
BRH:7
end_of_record
TN:
SF:src\modules\badges\badges.docs.js
FNF:0
FNH:0
LF:0
LH:0
BRF:0
BRH:0
end_of_record
TN:
SF:src\modules\badges\controller\badges.controller.js
FN:7,(anonymous_0)
FN:26,(anonymous_1)
FN:55,(anonymous_2)
FNF:3
FNH:3
FNDA:2,(anonymous_0)
FNDA:3,(anonymous_1)
FNDA:1,(anonymous_2)
DA:7,1
DA:8,2
DA:9,2
DA:16,1
DA:18,1
DA:19,1
DA:26,1
DA:27,3
DA:28,3
DA:29,3
DA:50,2
DA:51,1
DA:55,1
DA:60,1
DA:62,1
DA:63,1
LF:16
LH:16
BRDA:50,0,0,1
BRDA:50,0,1,1
BRF:2
BRH:2
end_of_record
TN:
SF:src\modules\badges\routes\badges.routes.js
FNF:0
FNH:0
DA:4,1
DA:13,1
DA:20,1
LF:3
LH:3
BRF:0
BRH:0
end_of_record
TN:
SF:src\modules\badges\service\badges.service.js
FN:13,countCorrectionsInBulk
FN:17,(anonymous_1)
FN:21,(anonymous_2)
FN:29,(anonymous_3)
FN:56,(anonymous_4)
FN:73,checkCommitPerfecto
FN:77,(anonymous_6)
FN:78,(anonymous_7)
FN:84,(anonymous_8)
FN:85,(anonymous_9)
FN:91,checkRevisorExperto
FN:94,(anonymous_11)
FN:95,(anonymous_12)
FN:115,evaluateGuardianDeLaCalidad
FN:163,(anonymous_14)
FN:192,(anonymous_15)
FNF:16
FNH:13
FNDA:1,countCorrectionsInBulk
FNDA:1,(anonymous_1)
FNDA:1,(anonymous_2)
FNDA:1,(anonymous_3)
FNDA:1,(anonymous_4)
FNDA:2,checkCommitPerfecto
FNDA:2,(anonymous_6)
FNDA:4,(anonymous_7)
FNDA:2,(anonymous_8)
FNDA:2,(anonymous_9)
FNDA:0,checkRevisorExperto
FNDA:0,(anonymous_11)
FNDA:0,(anonymous_12)
FNDA:1,evaluateGuardianDeLaCalidad
FNDA:2,(anonymous_14)
FNDA:2,(anonymous_15)
DA:14,1
DA:17,1
DA:21,1
DA:23,1
DA:26,1
DA:29,1
DA:43,1
DA:44,1
DA:46,1
DA:47,1
DA:48,1
DA:50,1
DA:52,1
DA:53,1
DA:56,1
DA:57,1
DA:62,1
DA:63,1
DA:64,1
DA:65,1
DA:69,1
DA:75,2
DA:76,2
DA:77,2
DA:78,4
DA:79,2
DA:80,2
DA:83,1
DA:84,2
DA:85,2
DA:86,1
DA:87,1
DA:92,0
DA:93,0
DA:94,0
DA:95,0
DA:96,0
DA:98,0
DA:101,0
DA:103,0
DA:108,0
DA:109,0
DA:111,0
DA:116,1
DA:117,1
DA:119,1
DA:120,1
DA:122,1
DA:127,1
DA:129,1
DA:130,1
DA:131,1
DA:132,1
DA:133,1
DA:134,1
DA:138,1
DA:139,1
DA:140,1
DA:141,1
DA:145,1
DA:151,1
DA:158,1
DA:163,1
DA:164,2
DA:165,2
DA:166,2
DA:170,2
DA:171,2
DA:172,2
DA:173,2
DA:174,2
DA:175,2
DA:176,1
DA:177,1
DA:181,1
DA:186,1
DA:189,2
DA:192,1
DA:193,2
DA:194,2
DA:195,2
DA:196,1
DA:199,0
LF:83
LH:71
BRDA:14,0,0,0
BRDA:14,0,1,1
BRDA:21,1,0,1
BRDA:21,1,1,1
BRDA:23,2,0,0
BRDA:23,2,1,1
BRDA:50,3,0,0
BRDA:50,3,1,1
BRDA:50,4,0,1
BRDA:50,4,1,1
BRDA:57,5,0,1
BRDA:57,5,1,1
BRDA:57,5,2,1
BRDA:62,6,0,1
BRDA:62,6,1,0
BRDA:63,7,0,1
BRDA:63,7,1,1
BRDA:86,8,0,1
BRDA:86,8,1,0
BRDA:87,9,0,1
BRDA:87,9,1,1
BRDA:101,10,0,0
BRDA:101,10,1,0
BRDA:109,11,0,0
BRDA:109,11,1,0
BRDA:132,12,0,1
BRDA:132,12,1,0
BRDA:138,13,0,1
BRDA:138,13,1,0
BRDA:138,14,0,1
BRDA:138,14,1,1
BRDA:140,15,0,1
BRDA:140,15,1,0
BRDA:174,16,0,2
BRDA:174,16,1,0
BRDA:176,17,0,1
BRDA:176,17,1,0
BRDA:195,18,0,1
BRDA:195,18,1,1
BRF:39
BRH:25
end_of_record
TN:
SF:src\modules\dashboard\dashboard.docs.js
FNF:0
FNH:0
LF:0
LH:0
BRF:0
BRH:0
end_of_record
TN:
SF:src\modules\dashboard\controller\dashboard.controller.js
FN:3,(anonymous_0)
FNF:1
FNH:1
FNDA:2,(anonymous_0)
DA:3,1
DA:4,2
DA:5,2
DA:6,2
DA:7,1
DA:9,1
DA:10,1
LF:7
LH:7
BRF:0
BRH:0
end_of_record
TN:
SF:src\modules\dashboard\routes\dashboard.routes.js
FN:10,testBypassAuth
FNF:1
FNH:1
FNDA:2,testBypassAuth
DA:6,1
DA:7,1
DA:11,2
DA:12,2
DA:13,1
DA:16,1
DA:17,1
DA:18,1
DA:21,1
DA:25,1
LF:10
LH:10
BRDA:12,0,0,1
BRDA:12,0,1,1
BRDA:12,1,0,2
BRDA:12,1,1,1
BRDA:16,2,0,1
BRDA:16,2,1,0
BRF:6
BRH:5
end_of_record
TN:
SF:src\modules\dashboard\service\dashboard.service.js
FN:4,(anonymous_0)
FN:40,(anonymous_1)
FN:44,(anonymous_2)
FN:46,(anonymous_3)
FN:54,(anonymous_4)
FN:61,(anonymous_5)
FNF:6
FNH:6
FNDA:2,(anonymous_0)
FNDA:1,(anonymous_1)
FNDA:2,(anonymous_2)
FNDA:2,(anonymous_3)
FNDA:1,(anonymous_4)
FNDA:1,(anonymous_5)
DA:4,1
DA:6,2
DA:35,2
DA:36,1
DA:40,1
DA:43,1
DA:46,2
DA:47,2
DA:54,1
DA:57,1
DA:61,1
LF:11
LH:11
BRDA:35,0,0,1
BRDA:35,0,1,1
BRF:2
BRH:2
end_of_record
TN:
SF:src\modules\events\events.docs.js
FNF:0
FNH:0
LF:0
LH:0
BRF:0
BRH:0
end_of_record
TN:
SF:src\modules\events\controller\events.controller.js
FN:4,(anonymous_0)
FN:35,(anonymous_1)
FNF:2
FNH:2
FNDA:3,(anonymous_0)
FNDA:4,(anonymous_1)
DA:4,1
DA:5,3
DA:7,3
DA:17,3
DA:24,3
DA:27,2
DA:29,1
DA:30,1
DA:35,1
DA:36,4
DA:38,4
DA:39,4
DA:42,4
DA:45,3
DA:46,1
DA:50,2
DA:52,1
DA:53,1
LF:18
LH:18
BRDA:20,0,0,3
BRDA:20,0,1,2
BRDA:39,1,0,4
BRDA:39,1,1,3
BRDA:45,2,0,1
BRDA:45,2,1,2
BRF:6
BRH:6
end_of_record
TN:
SF:src\modules\events\routes\events.routes.js
FN:8,testBypassAuth
FNF:1
FNH:1
FNDA:4,testBypassAuth
DA:5,1
DA:9,4
DA:10,4
DA:11,2
DA:13,2
DA:16,1
DA:17,1
LF:7
LH:7
BRDA:10,0,0,2
BRDA:10,0,1,2
BRDA:10,1,0,4
BRDA:10,1,1,4
BRF:4
BRH:4
end_of_record
TN:
SF:src\modules\events\service\events.service.js
FN:4,pick
FN:15,mapPublicItem
FN:32,searchEvents
FN:38,(anonymous_3)
FN:48,getEventById
FNF:5
FNH:5
FNDA:4,pick
FNDA:4,mapPublicItem
FNDA:1,searchEvents
FNDA:2,(anonymous_3)
FNDA:3,getEventById
DA:5,4
DA:6,4
DA:7,40
DA:8,38
DA:11,4
DA:16,4
DA:20,4
DA:21,1
DA:23,4
DA:33,1
DA:34,1
DA:38,2
DA:49,3
DA:50,3
DA:51,1
DA:53,2
LF:16
LH:16
BRDA:7,0,0,38
BRDA:7,0,1,2
BRDA:15,1,0,0
BRDA:20,2,0,1
BRDA:20,2,1,3
BRDA:48,3,0,2
BRDA:50,4,0,1
BRDA:50,4,1,2
BRF:8
BRH:7
end_of_record
TN:
SF:src\modules\leaderboard\leadboard.docs.js
FNF:0
FNH:0
LF:0
LH:0
BRF:0
BRH:0
end_of_record
TN:
SF:src\modules\leaderboard\controller\leaderboard.controller.js
FN:3,(anonymous_0)
FNF:1
FNH:1
FNDA:2,(anonymous_0)
DA:3,1
DA:4,2
DA:5,2
DA:6,1
DA:8,1
DA:9,1
LF:6
LH:6
BRF:0
BRH:0
end_of_record
TN:
SF:src\modules\leaderboard\routes\leaderboard.routes.js
FNF:0
FNH:0
DA:4,1
DA:7,1
LF:2
LH:2
BRF:0
BRH:0
end_of_record
TN:
SF:src\modules\leaderboard\service\leaderboard.service.js
FN:5,(anonymous_0)
FN:28,(anonymous_1)
FNF:2
FNH:2
FNDA:2,(anonymous_0)
FNDA:2,(anonymous_1)
DA:3,1
DA:5,1
DA:6,2
DA:28,2
LF:4
LH:4
BRDA:33,0,0,2
BRDA:33,0,1,1
BRF:2
BRH:2
end_of_record
TN:
SF:src\modules\profile\profile.docs.js
FNF:0
FNH:0
LF:0
LH:0
BRF:0
BRH:0
end_of_record
TN:
SF:src\modules\profile\controller\profile.controller.js
FN:11,(anonymous_0)
FN:31,(anonymous_1)
FN:58,(anonymous_2)
FN:72,(anonymous_3)
FNF:4
FNH:4
FNDA:3,(anonymous_0)
FNDA:3,(anonymous_1)
FNDA:2,(anonymous_2)
FNDA:2,(anonymous_3)
DA:11,1
DA:12,3
DA:13,3
DA:15,3
DA:17,2
DA:18,1
DA:21,1
DA:23,1
DA:24,1
DA:31,1
DA:32,3
DA:33,3
DA:34,3
DA:36,3
DA:37,1
DA:40,2
DA:42,1
DA:48,1
DA:49,1
DA:58,1
DA:59,2
DA:60,2
DA:61,2
DA:62,1
DA:64,1
DA:65,1
DA:72,1
DA:73,2
DA:74,2
DA:75,2
DA:76,1
DA:78,1
DA:79,1
LF:33
LH:33
BRDA:17,0,0,1
BRDA:17,0,1,1
BRDA:36,1,0,1
BRDA:36,1,1,2
BRDA:36,2,0,3
BRDA:36,2,1,3
BRF:6
BRH:6
end_of_record
TN:
SF:src\modules\profile\routes\profile.routes.js
FN:15,testBypassAuth
FNF:1
FNH:1
FNDA:4,testBypassAuth
DA:11,1
DA:12,1
DA:16,4
DA:17,4
DA:19,4
DA:20,4
DA:21,4
DA:22,4
DA:26,0
DA:30,1
DA:33,1
DA:38,1
DA:41,1
LF:13
LH:12
BRDA:17,0,0,4
BRDA:17,0,1,0
BRDA:17,1,0,4
BRDA:17,1,1,4
BRDA:20,2,0,4
BRDA:20,2,1,0
BRF:6
BRH:4
end_of_record
TN:
SF:src\modules\profile\service\profile.service.js
FN:10,(anonymous_0)
FN:71,(anonymous_1)
FN:85,(anonymous_2)
FN:123,(anonymous_3)
FN:141,(anonymous_4)
FNF:5
FNH:5
FNDA:2,(anonymous_0)
FNDA:1,(anonymous_1)
FNDA:2,(anonymous_2)
FNDA:1,(anonymous_3)
FNDA:1,(anonymous_4)
DA:3,1
DA:10,1
DA:11,2
DA:54,2
DA:55,1
DA:59,1
DA:71,1
DA:85,1
DA:86,2
DA:89,2
DA:90,1
DA:93,1
DA:113,1
DA:123,1
DA:124,1
DA:141,1
DA:142,1
LF:17
LH:17
BRDA:54,0,0,1
BRDA:54,0,1,1
BRDA:68,1,0,1
BRDA:68,1,1,0
BRDA:69,2,0,1
BRDA:69,2,1,0
BRDA:89,3,0,1
BRDA:89,3,1,1
BRF:8
BRH:6
end_of_record
TN:
SF:src\modules\rankings\controller\ranking.controller.js
FNF:0
FNH:0
LF:0
LH:0
BRF:0
BRH:0
end_of_record
TN:
SF:src\modules\rankings\routes\ranking.routes.js
FNF:0
FNH:0
LF:0
LH:0
BRF:0
BRH:0
end_of_record
TN:
SF:src\modules\rankings\service\ranking.service.js
FNF:0
FNH:0
LF:0
LH:0
BRF:0
BRH:0
end_of_record
TN:
SF:src\modules\rules-points\rules-points.docs.js
FNF:0
FNH:0
LF:0
LH:0
BRF:0
BRH:0
end_of_record
TN:
SF:src\modules\rules-points\controller\point.controller.js
FN:8,(anonymous_0)
FN:27,(anonymous_1)
FNF:2
FNH:0
FNDA:0,(anonymous_0)
FNDA:0,(anonymous_1)
DA:8,0
DA:9,0
DA:11,0
DA:13,0
DA:14,0
DA:17,0
DA:19,0
DA:20,0
DA:27,0
DA:28,0
DA:29,0
DA:30,0
DA:32,0
DA:33,0
LF:14
LH:0
BRDA:13,0,0,0
BRDA:13,0,1,0
BRF:2
BRH:0
end_of_record
TN:
SF:src\modules\rules-points\engine\ruleEngine.js
FN:13,(anonymous_0)
FNF:1
FNH:1
FNDA:2,(anonymous_0)
DA:13,1
DA:14,2
DA:15,2
DA:16,0
DA:19,2
DA:24,2
DA:25,2
DA:26,1
DA:27,1
DA:28,1
DA:31,1
DA:33,1
DA:35,1
DA:37,1
DA:38,1
DA:39,1
DA:42,0
DA:43,0
DA:46,0
DA:47,0
DA:50,0
DA:51,0
DA:54,0
DA:55,0
DA:58,0
DA:59,0
DA:62,1
DA:66,1
DA:69,0
DA:70,0
LF:30
LH:17
BRDA:15,0,0,0
BRDA:15,0,1,2
BRDA:15,1,0,2
BRDA:15,1,1,2
BRDA:25,2,0,1
BRDA:25,2,1,1
BRDA:35,3,0,1
BRDA:35,3,1,0
BRDA:35,3,2,0
BRDA:35,3,3,0
BRDA:35,3,4,0
BRDA:35,3,5,0
BRF:12
BRH:6
end_of_record
TN:
SF:src\modules\rules-points\engine\rules\branch.rule.js
FN:14,(anonymous_0)
FN:28,(anonymous_1)
FN:57,(anonymous_2)
FNF:3
FNH:3
FNDA:2,(anonymous_0)
FNDA:3,(anonymous_1)
FNDA:6,(anonymous_2)
DA:5,1
DA:6,1
DA:7,1
DA:8,1
DA:14,1
DA:15,2
DA:16,2
DA:17,2
DA:18,1
DA:28,1
DA:29,3
DA:30,3
DA:32,3
DA:34,3
DA:35,1
DA:43,1
DA:46,2
DA:47,1
DA:57,1
DA:58,6
DA:60,2
DA:61,2
DA:63,3
DA:64,3
DA:66,1
DA:67,1
LF:26
LH:26
BRDA:15,0,0,0
BRDA:15,0,1,2
BRDA:17,1,0,1
BRDA:17,1,1,1
BRDA:30,2,0,0
BRDA:30,2,1,3
BRDA:34,3,0,1
BRDA:34,3,1,2
BRDA:46,4,0,1
BRDA:46,4,1,1
BRDA:58,5,0,2
BRDA:58,5,1,3
BRDA:58,5,2,1
BRF:13
BRH:11
end_of_record
TN:
SF:src\modules\rules-points\engine\rules\commit.rule.js
FN:18,(anonymous_0)
FN:43,(anonymous_1)
FN:50,(anonymous_2)
FNF:3
FNH:3
FNDA:1,(anonymous_0)
FNDA:7,(anonymous_1)
FNDA:7,(anonymous_2)
DA:7,1
DA:8,1
DA:9,1
DA:10,1
DA:18,1
DA:19,1
DA:20,1
DA:21,1
DA:22,1
DA:25,1
DA:26,1
DA:27,1
DA:43,1
DA:44,7
DA:47,7
DA:49,7
DA:50,7
DA:54,7
DA:55,7
DA:56,7
DA:57,7
DA:58,7
DA:59,7
DA:63,7
DA:64,7
DA:65,0
DA:66,0
DA:67,0
DA:70,7
DA:74,7
DA:75,7
DA:77,7
DA:78,7
DA:80,7
DA:81,1
DA:82,1
DA:84,6
DA:85,1
DA:86,1
DA:90,5
DA:91,4
DA:92,4
DA:93,4
DA:100,4
DA:104,5
DA:105,5
DA:106,5
DA:107,4
DA:108,4
DA:109,4
DA:116,4
DA:120,5
DA:121,4
DA:122,4
DA:123,4
DA:124,4
DA:125,4
DA:126,4
DA:127,4
DA:134,4
DA:139,5
DA:140,5
DA:141,5
DA:142,1
DA:143,1
DA:144,1
DA:151,1
DA:154,5
DA:155,1
DA:156,1
DA:159,7
LF:71
LH:68
BRDA:20,0,0,0
BRDA:20,0,1,1
BRDA:20,1,0,1
BRDA:20,1,1,1
BRDA:25,2,0,0
BRDA:25,2,1,1
BRDA:49,3,0,7
BRDA:49,3,1,0
BRDA:55,4,0,7
BRDA:55,4,1,7
BRDA:57,5,0,7
BRDA:57,5,1,7
BRDA:64,6,0,0
BRDA:64,6,1,7
BRDA:74,7,0,7
BRDA:74,7,1,6
BRDA:80,8,0,1
BRDA:80,8,1,6
BRDA:84,9,0,1
BRDA:84,9,1,5
BRDA:90,10,0,4
BRDA:90,10,1,1
BRDA:106,11,0,4
BRDA:106,11,1,1
BRDA:106,12,0,5
BRDA:106,12,1,4
BRDA:120,13,0,4
BRDA:120,13,1,1
BRDA:121,14,0,4
BRDA:121,14,1,3
BRDA:121,15,0,4
BRDA:121,15,1,4
BRDA:124,16,0,4
BRDA:124,16,1,0
BRDA:141,17,0,1
BRDA:141,17,1,4
BRDA:141,18,0,5
BRDA:141,18,1,1
BRDA:154,19,0,1
BRDA:154,19,1,4
BRF:40
BRH:35
end_of_record
TN:
SF:src\modules\rules-points\engine\rules\other.rule.js
FN:8,(anonymous_0)
FN:21,(anonymous_1)
FNF:2
FNH:2
FNDA:3,(anonymous_0)
FNDA:4,(anonymous_1)
DA:5,1
DA:6,1
DA:8,1
DA:9,3
DA:10,3
DA:11,1
DA:21,1
DA:22,4
DA:23,3
LF:9
LH:9
BRDA:10,0,0,1
BRDA:10,0,1,2
BRDA:10,1,0,3
BRDA:10,1,1,2
BRDA:22,2,0,3
BRDA:22,2,1,1
BRDA:22,3,0,4
BRDA:22,3,1,4
BRF:8
BRH:8
end_of_record
TN:
SF:src\modules\rules-points\engine\rules\pr.rule.js
FN:12,(anonymous_0)
FN:35,(anonymous_1)
FN:71,(anonymous_2)
FNF:3
FNH:3
FNDA:3,(anonymous_0)
FNDA:3,(anonymous_1)
FNDA:6,(anonymous_2)
DA:5,1
DA:10,1
DA:12,1
DA:13,3
DA:21,3
DA:23,2
DA:24,2
DA:26,1
DA:35,1
DA:36,3
DA:44,3
DA:45,2
DA:54,3
DA:55,3
DA:56,1
DA:57,1
DA:58,1
DA:68,3
DA:71,1
DA:72,6
DA:73,6
DA:75,6
DA:77,3
DA:78,3
DA:80,3
DA:81,3
DA:83,3
LF:27
LH:27
BRDA:21,0,0,1
BRDA:21,0,1,2
BRDA:23,1,0,2
BRDA:23,1,1,0
BRDA:24,2,0,1
BRDA:24,2,1,1
BRDA:44,3,0,2
BRDA:44,3,1,1
BRDA:55,4,0,1
BRDA:55,4,1,2
BRDA:55,5,0,3
BRDA:55,5,1,3
BRDA:57,6,0,1
BRDA:57,6,1,0
BRDA:75,7,0,3
BRDA:75,7,1,3
BRDA:80,8,0,3
BRDA:80,8,1,0
BRF:18
BRH:15
end_of_record
TN:
SF:src\modules\rules-points\engine\rules\review.rule.js
FN:12,(anonymous_0)
FN:38,(anonymous_1)
FNF:2
FNH:2
FNDA:6,(anonymous_0)
FNDA:9,(anonymous_1)
DA:6,1
DA:10,1
DA:12,1
DA:13,6
DA:15,5
DA:16,5
DA:17,5
DA:19,5
DA:21,4
DA:29,4
DA:31,3
DA:32,3
DA:34,3
DA:35,3
DA:37,3
DA:38,9
DA:39,2
DA:40,1
DA:41,1
DA:45,3
DA:46,3
LF:21
LH:21
BRDA:13,0,0,1
BRDA:13,0,1,5
BRDA:19,1,0,1
BRDA:19,1,1,4
BRDA:19,2,0,5
BRDA:19,2,1,3
BRDA:29,3,0,1
BRDA:29,3,1,3
BRDA:37,4,0,2
BRDA:37,4,1,1
BRDA:37,5,0,3
BRDA:37,5,1,2
BRDA:39,6,0,1
BRDA:39,6,1,1
BRDA:45,7,0,3
BRDA:45,7,1,0
BRF:16
BRH:15
end_of_record
TN:
SF:src\modules\rules-points\routes\point.routes.js
FNF:0
FNH:0
DA:7,0
DA:10,0
DA:13,0
LF:3
LH:0
BRF:0
BRH:0
end_of_record
TN:
SF:src\modules\rules-points\service\point.service.js
FN:8,(anonymous_0)
FN:55,(anonymous_1)
FN:96,(anonymous_2)
FN:117,(anonymous_3)
FN:133,(anonymous_4)
FNF:5
FNH:1
FNDA:3,(anonymous_0)
FNDA:0,(anonymous_1)
FNDA:0,(anonymous_2)
FNDA:0,(anonymous_3)
FNDA:0,(anonymous_4)
DA:8,1
DA:17,3
DA:19,2
DA:20,2
DA:42,1
DA:43,1
DA:45,1
DA:46,1
DA:55,1
DA:56,0
DA:91,0
DA:92,0
DA:96,0
DA:102,0
DA:117,1
DA:118,0
DA:133,0
LF:17
LH:10
BRDA:13,0,0,3
BRDA:15,1,0,3
BRDA:17,2,0,1
BRDA:17,2,1,2
BRDA:91,3,0,0
BRDA:91,3,1,0
BRDA:107,4,0,0
BRDA:107,4,1,0
BRDA:137,5,0,0
BRDA:137,5,1,0
BRF:10
BRH:4
end_of_record
TN:
SF:src\modules\rules-points\service\webhookEvent.service.js
FN:8,(anonymous_0)
FNF:1
FNH:1
FNDA:3,(anonymous_0)
DA:8,1
DA:9,3
DA:10,3
DA:13,1
DA:14,1
DA:16,2
DA:17,1
DA:18,1
DA:22,1
LF:9
LH:9
BRDA:16,0,0,1
BRDA:16,0,1,1
BRDA:16,1,0,2
BRDA:16,1,1,1
BRF:4
BRH:4
end_of_record
TN:
SF:src\modules\statistics\controller\statistics.controller.js
FN:5,(anonymous_0)
FNF:1
FNH:0
FNDA:0,(anonymous_0)
DA:5,0
DA:6,0
DA:7,0
DA:8,0
DA:9,0
DA:11,0
DA:12,0
LF:7
LH:0
BRF:0
BRH:0
end_of_record
TN:
SF:src\modules\statistics\routes\statistics.routes.js
FN:10,testBypassAuth
FNF:1
FNH:0
FNDA:0,testBypassAuth
DA:6,0
DA:7,0
DA:11,0
DA:12,0
DA:14,0
DA:17,0
DA:19,0
DA:22,0
DA:23,0
DA:27,0
DA:30,0
DA:31,0
DA:32,0
DA:36,0
DA:40,0
LF:15
LH:0
BRDA:12,0,0,0
BRDA:12,0,1,0
BRDA:12,1,0,0
BRDA:12,1,1,0
BRDA:17,2,0,0
BRDA:17,2,1,0
BRDA:22,3,0,0
BRDA:22,3,1,0
BRDA:30,4,0,0
BRDA:30,4,1,0
BRF:10
BRH:0
end_of_record
TN:
SF:src\modules\statistics\service\statistics.service.js
FN:6,(anonymous_0)
FN:65,(anonymous_1)
FNF:2
FNH:0
FNDA:0,(anonymous_0)
FNDA:0,(anonymous_1)
DA:6,0
DA:8,0
DA:9,0
DA:22,0
DA:39,0
DA:50,0
DA:57,0
DA:59,0
DA:65,0
LF:9
LH:0
BRDA:60,0,0,0
BRDA:60,0,1,0
BRDA:61,1,0,0
BRDA:61,1,1,0
BRF:4
BRH:0
end_of_record
TN:
SF:src\modules\teams\teams.docs.js
FNF:0
FNH:0
LF:0
LH:0
BRF:0
BRH:0
end_of_record
TN:
SF:src\modules\teams\controller\teams.controller.js
FN:3,(anonymous_0)
FN:12,(anonymous_1)
FN:31,(anonymous_2)
FN:44,(anonymous_3)
FN:58,(anonymous_4)
FNF:5
FNH:5
FNDA:2,(anonymous_0)
FNDA:3,(anonymous_1)
FNDA:2,(anonymous_2)
FNDA:2,(anonymous_3)
FNDA:2,(anonymous_4)
DA:3,1
DA:4,2
DA:5,2
DA:6,1
DA:8,1
DA:12,1
DA:13,3
DA:14,3
DA:16,3
DA:17,1
DA:20,2
DA:21,2
DA:22,1
DA:24,1
DA:25,1
DA:27,0
DA:31,1
DA:32,2
DA:33,2
DA:34,2
DA:35,2
DA:36,1
DA:38,1
DA:40,0
DA:44,1
DA:45,2
DA:46,2
DA:47,2
DA:48,2
DA:49,1
DA:51,1
DA:52,1
DA:54,0
DA:58,1
DA:59,2
DA:60,2
DA:61,2
DA:62,1
DA:64,1
DA:65,1
DA:67,0
LF:41
LH:37
BRDA:16,0,0,1
BRDA:16,0,1,2
BRDA:24,1,0,1
BRDA:24,1,1,0
BRDA:35,2,0,1
BRDA:35,2,1,1
BRDA:51,3,0,1
BRDA:51,3,1,0
BRDA:64,4,0,1
BRDA:64,4,1,0
BRF:10
BRH:7
end_of_record
TN:
SF:src\modules\teams\routes\teams.routes.js
FN:16,testBypassAuth
FNF:1
FNH:1
FNDA:3,testBypassAuth
DA:12,1
DA:13,1
DA:17,3
DA:18,3
DA:19,3
DA:22,3
DA:23,3
DA:24,3
DA:27,0
DA:31,1
DA:32,1
DA:35,1
DA:36,1
DA:37,1
LF:14
LH:13
BRDA:18,0,0,3
BRDA:18,0,1,0
BRDA:18,1,0,3
BRDA:18,1,1,3
BRDA:22,2,0,3
BRDA:22,2,1,0
BRF:6
BRH:4
end_of_record
TN:
SF:src\modules\teams\service\teams.service.js
FN:4,(anonymous_0)
FN:17,(anonymous_1)
FN:37,(anonymous_2)
FN:48,(anonymous_3)
FN:64,(anonymous_4)
FNF:5
FNH:5
FNDA:1,(anonymous_0)
FNDA:2,(anonymous_1)
FNDA:1,(anonymous_2)
FNDA:2,(anonymous_3)
FNDA:2,(anonymous_4)
DA:2,1
DA:4,1
DA:5,1
DA:17,1
DA:18,2
DA:23,2
DA:24,1
DA:27,1
DA:37,1
DA:38,1
DA:48,1
DA:49,2
DA:54,2
DA:55,1
DA:58,1
DA:64,1
DA:65,2
DA:70,2
DA:71,1
DA:74,1
LF:20
LH:20
BRDA:23,0,0,1
BRDA:23,0,1,1
BRDA:54,1,0,1
BRDA:54,1,1,1
BRDA:70,2,0,1
BRDA:70,2,1,1
BRF:6
BRH:6
end_of_record
TN:
SF:src\modules\webhooks\webhooks.docs.js
FNF:0
FNH:0
LF:0
LH:0
BRF:0
BRH:0
end_of_record
TN:
SF:src\modules\webhooks\controller\webhook.controller.js
FN:4,(anonymous_0)
FN:28,(anonymous_1)
FNF:2
FNH:2
FNDA:4,(anonymous_0)
FNDA:1,(anonymous_1)
DA:4,1
DA:5,4
DA:6,4
DA:7,4
DA:10,4
DA:11,1
DA:16,3
DA:17,1
DA:18,1
DA:23,2
DA:28,2
DA:29,1
LF:12
LH:12
BRDA:10,0,0,1
BRDA:10,0,1,3
BRDA:10,1,0,4
BRDA:10,1,1,3
BRDA:16,2,0,1
BRDA:16,2,1,2
BRF:6
BRH:6
end_of_record
TN:
SF:src\modules\webhooks\routes\webhook.routes.js
FNF:0
FNH:0
DA:7,1
DA:13,1
LF:2
LH:2
BRF:0
BRH:0
end_of_record
TN:
SF:src\modules\webhooks\service\webhook.service.js
FN:4,(anonymous_0)
FN:48,(anonymous_1)
FNF:2
FNH:1
FNDA:6,(anonymous_0)
FNDA:0,(anonymous_1)
DA:4,1
DA:6,6
DA:7,1
DA:8,1
DA:12,5
DA:13,5
DA:18,5
DA:19,1
DA:20,1
DA:24,4
DA:34,4
DA:35,4
DA:36,2
DA:38,2
DA:45,2
DA:48,2
DA:49,0
DA:56,2
DA:57,1
DA:58,1
DA:61,1
LF:21
LH:20
BRDA:6,0,0,1
BRDA:6,0,1,5
BRDA:12,1,0,5
BRDA:12,1,1,5
BRDA:12,1,2,2
BRDA:18,2,0,1
BRDA:18,2,1,4
BRDA:27,3,0,4
BRDA:27,3,1,3
BRDA:28,4,0,4
BRDA:28,4,1,2
BRDA:56,5,0,1
BRDA:56,5,1,1
BRDA:56,6,0,2
BRDA:56,6,1,1
BRF:15
BRH:15
end_of_record
TN:
SF:src\shared\middlewares\auth.middleware.js
FN:10,requireAuth
FNF:1
FNH:0
FNDA:0,requireAuth
DA:11,0
DA:13,0
DA:14,0
DA:17,0
DA:18,0
DA:19,0
DA:20,0
DA:22,0
LF:8
LH:0
BRDA:13,0,0,0
BRDA:13,0,1,0
BRF:2
BRH:0
end_of_record
TN:
SF:src\shared\middlewares\error.middleware.js
FNF:0
FNH:0
LF:0
LH:0
BRF:0
BRH:0
end_of_record
TN:
SF:src\shared\middlewares\githubWebhookVerifier.js
FN:4,(anonymous_0)
FNF:1
FNH:0
FNDA:0,(anonymous_0)
DA:4,0
DA:6,0
DA:7,0
DA:10,0
DA:11,0
DA:12,0
DA:13,0
DA:16,0
DA:17,0
DA:18,0
DA:21,0
DA:24,0
DA:25,0
DA:26,0
DA:30,0
DA:31,0
LF:16
LH:0
BRDA:6,0,0,0
BRDA:6,0,1,0
BRDA:6,1,0,0
BRDA:6,1,1,0
BRDA:11,2,0,0
BRDA:11,2,1,0
BRDA:17,3,0,0
BRDA:17,3,1,0
BRDA:24,4,0,0
BRDA:24,4,1,0
BRF:10
BRH:0
end_of_record
TN:
SF:src\shared\middlewares\requestLogger.js
FN:1,requestLogger
FN:6,(anonymous_1)
FNF:2
FNH:0
FNDA:0,requestLogger
FNDA:0,(anonymous_1)
DA:2,0
DA:3,0
DA:4,0
DA:6,0
DA:7,0
DA:8,0
DA:9,0
DA:10,0
DA:12,0
DA:15,0
LF:10
LH:0
BRDA:9,0,0,0
BRDA:9,0,1,0
BRDA:10,1,0,0
BRDA:10,1,1,0
BRF:4
BRH:0
end_of_record
TN:
SF:src\shared\persistence\eventStore.js
FN:5,(anonymous_0)
FN:10,(anonymous_1)
FN:26,(anonymous_2)
FN:34,(anonymous_3)
FN:40,(anonymous_4)
FN:41,(anonymous_5)
FN:44,(anonymous_6)
FN:49,(anonymous_7)
FN:52,(anonymous_8)
FN:55,(anonymous_9)
FN:59,(anonymous_10)
FNF:11
FNH:0
FNDA:0,(anonymous_0)
FNDA:0,(anonymous_1)
FNDA:0,(anonymous_2)
FNDA:0,(anonymous_3)
FNDA:0,(anonymous_4)
FNDA:0,(anonymous_5)
FNDA:0,(anonymous_6)
FNDA:0,(anonymous_7)
FNDA:0,(anonymous_8)
FNDA:0,(anonymous_9)
FNDA:0,(anonymous_10)
DA:6,0
DA:7,0
DA:11,0
DA:15,0
DA:16,0
DA:19,0
DA:20,0
DA:22,0
DA:27,0
DA:28,0
DA:29,0
DA:31,0
DA:35,0
DA:36,0
DA:37,0
DA:41,0
DA:46,0
DA:48,0
DA:49,0
DA:51,0
DA:52,0
DA:54,0
DA:55,0
DA:59,0
DA:61,0
LF:25
LH:0
BRDA:5,0,0,0
BRDA:19,1,0,0
BRDA:19,1,1,0
BRDA:28,2,0,0
BRDA:28,2,1,0
BRDA:48,3,0,0
BRDA:48,3,1,0
BRDA:51,4,0,0
BRDA:51,4,1,0
BRDA:54,5,0,0
BRDA:54,5,1,0
BRF:11
BRH:0
end_of_record
TN:
SF:src\shared\utils\hash.js
FNF:0
FNH:0
LF:0
LH:0
BRF:0
BRH:0
end_of_record
TN:
SF:src\shared\utils\logger.js
FNF:0
FNH:0
LF:0
LH:0
BRF:0
BRH:0
end_of_record
TN:
SF:src\shared\utils\rewardUtils.js
FN:3,(anonymous_0)
FN:14,(anonymous_1)
FNF:2
FNH:0
FNDA:0,(anonymous_0)
FNDA:0,(anonymous_1)
DA:3,0
DA:4,0
DA:14,0
DA:15,0
DA:16,0
DA:18,0
LF:6
LH:0
BRDA:16,0,0,0
BRDA:16,0,1,0
BRF:2
BRH:0
end_of_record
TN:
SF:src\shared\validators\common.validator.js
FNF:0
FNH:0
LF:0
LH:0
BRF:0
BRH:0
end_of_record
